2026-04-21 10:36:18.604 +01:00 [INF] Executed DbCommand (85ms) [Parameters=[], CommandType='"Text"', CommandTimeout='30']
SELECT 1
2026-04-21 10:36:18.690 +01:00 [INF] Acquiring an exclusive lock for migration application. See https://aka.ms/efcore-docs-migrations-lock for more information if this takes too long.
2026-04-21 10:36:18.851 +01:00 [INF] Executed DbCommand (153ms) [Parameters=[], CommandType='"Text"', CommandTimeout='30']
DECLARE @result int;
EXEC @result = sp_getapplock @Resource = '__EFMigrationsLock', @LockOwner = 'Session', @LockMode = 'Exclusive';
SELECT @result
2026-04-21 10:36:19.010 +01:00 [INF] Executed DbCommand (27ms) [Parameters=[], CommandType='"Text"', CommandTimeout='30']
IF OBJECT_ID(N'[__EFMigrationsHistory]') IS NULL
BEGIN
    CREATE TABLE [__EFMigrationsHistory] (
        [MigrationId] nvarchar(150) NOT NULL,
        [ProductVersion] nvarchar(32) NOT NULL,
        CONSTRAINT [PK___EFMigrationsHistory] PRIMARY KEY ([MigrationId])
    );
END;
2026-04-21 10:36:19.054 +01:00 [INF] Executed DbCommand (1ms) [Parameters=[], CommandType='"Text"', CommandTimeout='30']
SELECT 1
2026-04-21 10:36:19.057 +01:00 [INF] Executed DbCommand (2ms) [Parameters=[], CommandType='"Text"', CommandTimeout='30']
SELECT OBJECT_ID(N'[__EFMigrationsHistory]');
2026-04-21 10:36:19.416 +01:00 [INF] Executed DbCommand (352ms) [Parameters=[], CommandType='"Text"', CommandTimeout='30']
SELECT [MigrationId], [ProductVersion]
FROM [__EFMigrationsHistory]
ORDER BY [MigrationId];
2026-04-21 10:36:19.446 +01:00 [INF] Applying migration '20260421093543_AddGradebookEntities'.
2026-04-21 10:36:19.763 +01:00 [INF] Executed DbCommand (65ms) [Parameters=[], CommandType='"Text"', CommandTimeout='30']
CREATE TABLE [AssessmentCategories] (
    [Id] uniqueidentifier NOT NULL,
    [CourseOfferingId] uniqueidentifier NOT NULL,
    [CategoryType] int NOT NULL,
    [CategoryName] nvarchar(100) NOT NULL,
    [Weight] decimal(5,2) NOT NULL,
    [MaxMarks] decimal(5,2) NOT NULL,
    [IsExamCategory] bit NOT NULL,
    [DisplayOrder] int NOT NULL,
    [CreatedAt] datetime2 NOT NULL,
    CONSTRAINT [PK_AssessmentCategories] PRIMARY KEY ([Id]),
    CONSTRAINT [FK_AssessmentCategories_CourseOfferings_CourseOfferingId] FOREIGN KEY ([CourseOfferingId]) REFERENCES [CourseOfferings] ([Id]) ON DELETE CASCADE
);
2026-04-21 10:36:19.793 +01:00 [INF] Executed DbCommand (29ms) [Parameters=[], CommandType='"Text"', CommandTimeout='30']
CREATE TABLE [GradeApprovals] (
    [Id] uniqueidentifier NOT NULL,
    [CourseOfferingId] uniqueidentifier NOT NULL,
    [Level] int NOT NULL,
    [Status] int NOT NULL,
    [ApprovedById] uniqueidentifier NULL,
    [ApprovedAt] datetime2 NULL,
    [Comments] nvarchar(500) NULL,
    [IsRequired] bit NOT NULL,
    [ApprovalOrder] int NOT NULL,
    [CreatedAt] datetime2 NOT NULL,
    [UpdatedAt] datetime2 NOT NULL,
    CONSTRAINT [PK_GradeApprovals] PRIMARY KEY ([Id]),
    CONSTRAINT [FK_GradeApprovals_CourseOfferings_CourseOfferingId] FOREIGN KEY ([CourseOfferingId]) REFERENCES [CourseOfferings] ([Id]) ON DELETE CASCADE,
    CONSTRAINT [FK_GradeApprovals_Users_ApprovedById] FOREIGN KEY ([ApprovedById]) REFERENCES [Users] ([Id]) ON DELETE NO ACTION
);
2026-04-21 10:36:19.810 +01:00 [INF] Executed DbCommand (17ms) [Parameters=[], CommandType='"Text"', CommandTimeout='30']
CREATE TABLE [GradePublications] (
    [Id] uniqueidentifier NOT NULL,
    [CourseOfferingId] uniqueidentifier NOT NULL,
    [PublishedAt] datetime2 NOT NULL,
    [PublishedById] uniqueidentifier NOT NULL,
    [IsVisibleToStudents] bit NOT NULL,
    [ApprovalWorkflowCompleted] bit NOT NULL,
    [PublicationNotes] nvarchar(500) NULL,
    [AcademicSessionId] uniqueidentifier NOT NULL,
    [Semester] int NOT NULL,
    [CreatedAt] datetime2 NOT NULL,
    CONSTRAINT [PK_GradePublications] PRIMARY KEY ([Id]),
    CONSTRAINT [FK_GradePublications_CourseOfferings_CourseOfferingId] FOREIGN KEY ([CourseOfferingId]) REFERENCES [CourseOfferings] ([Id]) ON DELETE CASCADE,
    CONSTRAINT [FK_GradePublications_Users_PublishedById] FOREIGN KEY ([PublishedById]) REFERENCES [Users] ([Id]) ON DELETE NO ACTION
);
2026-04-21 10:36:19.826 +01:00 [INF] Executed DbCommand (15ms) [Parameters=[], CommandType='"Text"', CommandTimeout='30']
CREATE TABLE [SystemGradingConfigurations] (
    [Id] uniqueidentifier NOT NULL,
    [DefaultGradingStyle] int NOT NULL,
    [DefaultExamPercentage] decimal(5,2) NOT NULL,
    [ApprovalWorkflowEnabled] bit NOT NULL,
    [DefaultCA1Weight] decimal(5,2) NOT NULL,
    [DefaultCA2Weight] decimal(5,2) NOT NULL,
    [DefaultCA3Weight] decimal(5,2) NOT NULL,
    [DefaultExamWeight] decimal(5,2) NOT NULL,
    [CreatedAt] datetime2 NOT NULL,
    [UpdatedAt] datetime2 NOT NULL,
    [CreatedById] uniqueidentifier NULL,
    [UpdatedById] uniqueidentifier NULL,
    CONSTRAINT [PK_SystemGradingConfigurations] PRIMARY KEY ([Id])
);
2026-04-21 10:36:19.839 +01:00 [INF] Executed DbCommand (12ms) [Parameters=[], CommandType='"Text"', CommandTimeout='30']
CREATE TABLE [Assessments] (
    [Id] uniqueidentifier NOT NULL,
    [CourseOfferingId] uniqueidentifier NOT NULL,
    [AssessmentCategoryId] uniqueidentifier NOT NULL,
    [Title] nvarchar(200) NOT NULL,
    [Description] nvarchar(500) NULL,
    [MaxMarks] decimal(5,2) NOT NULL,
    [AssessmentDate] datetime2 NULL,
    [DueDate] datetime2 NULL,
    [CreatedAt] datetime2 NOT NULL,
    [UpdatedAt] datetime2 NOT NULL,
    CONSTRAINT [PK_Assessments] PRIMARY KEY ([Id]),
    CONSTRAINT [FK_Assessments_AssessmentCategories_AssessmentCategoryId] FOREIGN KEY ([AssessmentCategoryId]) REFERENCES [AssessmentCategories] ([Id]) ON DELETE NO ACTION,
    CONSTRAINT [FK_Assessments_CourseOfferings_CourseOfferingId] FOREIGN KEY ([CourseOfferingId]) REFERENCES [CourseOfferings] ([Id]) ON DELETE CASCADE
);
2026-04-21 10:36:19.857 +01:00 [INF] Executed DbCommand (18ms) [Parameters=[], CommandType='"Text"', CommandTimeout='30']
CREATE TABLE [Grades] (
    [Id] uniqueidentifier NOT NULL,
    [AssessmentId] uniqueidentifier NOT NULL,
    [StudentId] uniqueidentifier NOT NULL,
    [MarksObtained] decimal(5,2) NOT NULL,
    [IsLocked] bit NOT NULL,
    [Remarks] nvarchar(500) NULL,
    [CreatedAt] datetime2 NOT NULL,
    [UpdatedAt] datetime2 NOT NULL,
    [CreatedById] uniqueidentifier NULL,
    [UpdatedById] uniqueidentifier NULL,
    CONSTRAINT [PK_Grades] PRIMARY KEY ([Id]),
    CONSTRAINT [FK_Grades_Assessments_AssessmentId] FOREIGN KEY ([AssessmentId]) REFERENCES [Assessments] ([Id]) ON DELETE CASCADE,
    CONSTRAINT [FK_Grades_Users_CreatedById] FOREIGN KEY ([CreatedById]) REFERENCES [Users] ([Id]) ON DELETE NO ACTION,
    CONSTRAINT [FK_Grades_Users_StudentId] FOREIGN KEY ([StudentId]) REFERENCES [Users] ([Id]) ON DELETE NO ACTION,
    CONSTRAINT [FK_Grades_Users_UpdatedById] FOREIGN KEY ([UpdatedById]) REFERENCES [Users] ([Id]) ON DELETE NO ACTION
);
2026-04-21 10:36:19.885 +01:00 [INF] Executed DbCommand (27ms) [Parameters=[], CommandType='"Text"', CommandTimeout='30']
CREATE INDEX [IX_AssessmentCategories_CourseOfferingId] ON [AssessmentCategories] ([CourseOfferingId]);
2026-04-21 10:36:19.889 +01:00 [INF] Executed DbCommand (4ms) [Parameters=[], CommandType='"Text"', CommandTimeout='30']
CREATE INDEX [IX_Assessments_AssessmentCategoryId] ON [Assessments] ([AssessmentCategoryId]);
2026-04-21 10:36:19.891 +01:00 [INF] Executed DbCommand (2ms) [Parameters=[], CommandType='"Text"', CommandTimeout='30']
CREATE INDEX [IX_Assessments_CourseOfferingId] ON [Assessments] ([CourseOfferingId]);
2026-04-21 10:36:19.898 +01:00 [INF] Executed DbCommand (6ms) [Parameters=[], CommandType='"Text"', CommandTimeout='30']
CREATE INDEX [IX_GradeApprovals_ApprovedById] ON [GradeApprovals] ([ApprovedById]);
2026-04-21 10:36:19.901 +01:00 [INF] Executed DbCommand (3ms) [Parameters=[], CommandType='"Text"', CommandTimeout='30']
CREATE INDEX [IX_GradeApprovals_CourseOfferingId_Level] ON [GradeApprovals] ([CourseOfferingId], [Level]);
2026-04-21 10:36:19.905 +01:00 [INF] Executed DbCommand (4ms) [Parameters=[], CommandType='"Text"', CommandTimeout='30']
CREATE INDEX [IX_GradeApprovals_Status] ON [GradeApprovals] ([Status]);
2026-04-21 10:36:19.908 +01:00 [INF] Executed DbCommand (2ms) [Parameters=[], CommandType='"Text"', CommandTimeout='30']
CREATE UNIQUE INDEX [IX_GradePublications_CourseOfferingId] ON [GradePublications] ([CourseOfferingId]);
2026-04-21 10:36:19.915 +01:00 [INF] Executed DbCommand (7ms) [Parameters=[], CommandType='"Text"', CommandTimeout='30']
CREATE INDEX [IX_GradePublications_IsVisibleToStudents] ON [GradePublications] ([IsVisibleToStudents]);
2026-04-21 10:36:19.922 +01:00 [INF] Executed DbCommand (5ms) [Parameters=[], CommandType='"Text"', CommandTimeout='30']
CREATE INDEX [IX_GradePublications_PublishedById] ON [GradePublications] ([PublishedById]);
2026-04-21 10:36:19.925 +01:00 [INF] Executed DbCommand (3ms) [Parameters=[], CommandType='"Text"', CommandTimeout='30']
CREATE UNIQUE INDEX [IX_Grades_AssessmentId_StudentId] ON [Grades] ([AssessmentId], [StudentId]);
2026-04-21 10:36:19.931 +01:00 [INF] Executed DbCommand (4ms) [Parameters=[], CommandType='"Text"', CommandTimeout='30']
CREATE INDEX [IX_Grades_CreatedById] ON [Grades] ([CreatedById]);
2026-04-21 10:36:19.933 +01:00 [INF] Executed DbCommand (2ms) [Parameters=[], CommandType='"Text"', CommandTimeout='30']
CREATE INDEX [IX_Grades_StudentId] ON [Grades] ([StudentId]);
2026-04-21 10:36:19.935 +01:00 [INF] Executed DbCommand (2ms) [Parameters=[], CommandType='"Text"', CommandTimeout='30']
CREATE INDEX [IX_Grades_UpdatedById] ON [Grades] ([UpdatedById]);
2026-04-21 10:36:19.981 +01:00 [INF] Executed DbCommand (46ms) [Parameters=[], CommandType='"Text"', CommandTimeout='30']
INSERT INTO [__EFMigrationsHistory] ([MigrationId], [ProductVersion])
VALUES (N'20260421093543_AddGradebookEntities', N'10.0.2');
2026-04-21 10:36:20.002 +01:00 [INF] Executed DbCommand (16ms) [Parameters=[], CommandType='"Text"', CommandTimeout='30']
DECLARE @result int;
EXEC @result = sp_releaseapplock @Resource = '__EFMigrationsLock', @LockOwner = 'Session';
SELECT @result
2026-04-21 10:36:20.496 +01:00 [INF] Executed DbCommand (13ms) [Parameters=[], CommandType='"Text"', CommandTimeout='30']
SELECT [r].[Name]
FROM [Roles] AS [r]
2026-04-21 10:36:20.547 +01:00 [INF] Executed DbCommand (6ms) [Parameters=[], CommandType='"Text"', CommandTimeout='30']
SELECT [p].[Code]
FROM [Permissions] AS [p]
2026-04-21 10:36:20.653 +01:00 [INF] Executed DbCommand (8ms) [Parameters=[], CommandType='"Text"', CommandTimeout='30']
SELECT [r].[Id], [r].[Description], [r].[Name]
FROM [Roles] AS [r]
2026-04-21 10:36:20.682 +01:00 [INF] Executed DbCommand (7ms) [Parameters=[], CommandType='"Text"', CommandTimeout='30']
SELECT [p].[Id], [p].[Code], [p].[Description]
FROM [Permissions] AS [p]
2026-04-21 10:36:20.719 +01:00 [INF] Executed DbCommand (8ms) [Parameters=[], CommandType='"Text"', CommandTimeout='30']
SELECT [r].[RoleId], [r].[PermissionId]
FROM [RolePermissions] AS [r]
2026-04-21 10:36:20.865 +01:00 [INF] Executed DbCommand (79ms) [Parameters=[@adminRole_Id='?' (DbType = Guid), @accessManagePermission_Id='?' (DbType = Guid)], CommandType='"Text"', CommandTimeout='30']
SELECT TOP(1) [r].[RoleId], [r].[PermissionId], [r].[AssignedUtc]
FROM [RolePermissions] AS [r]
WHERE [r].[RoleId] = @adminRole_Id AND [r].[PermissionId] = @accessManagePermission_Id
2026-04-21 10:36:20.964 +01:00 [INF] Executed DbCommand (49ms) [Parameters=[], CommandType='"Text"', CommandTimeout='30']
SELECT CASE
    WHEN EXISTS (
        SELECT 1
        FROM [AcademicSessions] AS [a]) THEN CAST(1 AS bit)
    ELSE CAST(0 AS bit)
END
2026-04-21 10:36:20.970 +01:00 [INF] Sessions already seeded. Skipping.
2026-04-21 10:36:21.001 +01:00 [INF] Executed DbCommand (12ms) [Parameters=[], CommandType='"Text"', CommandTimeout='30']
SELECT CASE
    WHEN EXISTS (
        SELECT 1
        FROM [Faculties] AS [f]) THEN CAST(1 AS bit)
    ELSE CAST(0 AS bit)
END
2026-04-21 10:36:21.001 +01:00 [INF] Faculties already seeded. Skipping.
2026-04-21 10:36:21.034 +01:00 [INF] Executed DbCommand (14ms) [Parameters=[], CommandType='"Text"', CommandTimeout='30']
SELECT CASE
    WHEN EXISTS (
        SELECT 1
        FROM [Programs] AS [p]) THEN CAST(1 AS bit)
    ELSE CAST(0 AS bit)
END
2026-04-21 10:36:21.034 +01:00 [INF] Programs already seeded. Skipping.
2026-04-21 10:36:21.057 +01:00 [INF] Executed DbCommand (7ms) [Parameters=[], CommandType='"Text"', CommandTimeout='30']
SELECT CASE
    WHEN EXISTS (
        SELECT 1
        FROM [DocumentTypes] AS [d]) THEN CAST(1 AS bit)
    ELSE CAST(0 AS bit)
END
2026-04-21 10:36:21.058 +01:00 [INF] Document types already seeded. Skipping.
2026-04-21 10:36:21.082 +01:00 [INF] Executed DbCommand (6ms) [Parameters=[], CommandType='"Text"', CommandTimeout='30']
SELECT CASE
    WHEN EXISTS (
        SELECT 1
        FROM [SponsorOrganizations] AS [s]) THEN CAST(1 AS bit)
    ELSE CAST(0 AS bit)
END
2026-04-21 10:36:21.083 +01:00 [INF] Sponsors already seeded. Skipping.
2026-04-21 10:36:21.107 +01:00 [INF] Executed DbCommand (8ms) [Parameters=[], CommandType='"Text"', CommandTimeout='30']
SELECT CASE
    WHEN EXISTS (
        SELECT 1
        FROM [Subjects] AS [s]) THEN CAST(1 AS bit)
    ELSE CAST(0 AS bit)
END
2026-04-21 10:36:21.108 +01:00 [INF] Subjects already seeded. Skipping.
2026-04-21 10:36:21.108 +01:00 [INF] Database initialization completed successfully.
2026-04-21 10:36:21.255 +01:00 [INF] Initializing Entra ID Service with TenantId: c9a98a3d-152f-4eb3-b93f-9b26fdd08495, ClientId: 67618b43-bfd0-483c-9750-bd5703101cbf, Domain: wigweuniversity.onmicrosoft.com
2026-04-21 10:36:21.334 +01:00 [INF] Entra ID Service initialized successfully
2026-04-21 10:36:21.661 +01:00 [INF] Registered 145 endpoints in 8,309 milliseconds.
2026-04-21 10:36:21.690 +01:00 [INF] User profile is available. Using 'C:\Users\StanleyNwaegwu\AppData\Local\ASP.NET\DataProtection-Keys' as key repository and Windows DPAPI to encrypt keys at rest.
2026-04-21 10:36:21.863 +01:00 [INF] Now listening on: http://localhost:5021
2026-04-21 10:36:21.863 +01:00 [INF] Application started. Press Ctrl+C to shut down.
2026-04-21 10:36:21.863 +01:00 [INF] Hosting environment: Development
2026-04-21 10:36:21.863 +01:00 [INF] Content root path: C:\Work\LMS\LMS-API\LMS.Api
2026-04-21 10:53:25.912 +01:00 [INF] Request starting HTTP/1.1 OPTIONS http://localhost:5021/api/auth/login - null null
2026-04-21 10:53:26.723 +01:00 [INF] CORS policy execution successful.
2026-04-21 10:53:26.741 +01:00 [INF] Request finished HTTP/1.1 OPTIONS http://localhost:5021/api/auth/login - 204 null null 856.7666ms
2026-04-21 10:53:26.752 +01:00 [INF] Request starting HTTP/1.1 POST http://localhost:5021/api/auth/login - application/json 76
2026-04-21 10:53:26.760 +01:00 [INF] CORS policy execution successful.
2026-04-21 10:53:26.888 +01:00 [INF] Executing endpoint 'HTTP: POST /api/auth/login'
2026-04-21 10:53:27.633 +01:00 [INF] Executed DbCommand (194ms) [Parameters=[@username='?' (Size = 64), @username0='?' (Size = 256)], CommandType='"Text"', CommandTimeout='30']
SELECT TOP(1) [u].[Id], [u].[CreatedUtc], [u].[DisplayName], [u].[Email], [u].[EntraObjectId], [u].[IsActive], [u].[PasswordHash], [u].[UpdatedUtc], [u].[Username]
FROM [Users] AS [u]
WHERE ([u].[Username] = @username OR [u].[Email] = @username0) AND [u].[IsActive] = CAST(1 AS bit)
2026-04-21 10:53:28.270 +01:00 [INF] Executed DbCommand (38ms) [Parameters=[@userId='?' (DbType = Guid)], CommandType='"Text"', CommandTimeout='30']
SELECT [u1].[Id], [u1].[CreatedUtc], [u1].[DisplayName], [u1].[Email], [u1].[EntraObjectId], [u1].[IsActive], [u1].[PasswordHash], [u1].[UpdatedUtc], [u1].[Username], [s].[UserId], [s].[RoleId], [s].[AssignedUtc], [s].[Id], [s].[Description], [s].[Name]
FROM (
    SELECT TOP(1) [u].[Id], [u].[CreatedUtc], [u].[DisplayName], [u].[Email], [u].[EntraObjectId], [u].[IsActive], [u].[PasswordHash], [u].[UpdatedUtc], [u].[Username]
    FROM [Users] AS [u]
    WHERE [u].[Id] = @userId
) AS [u1]
LEFT JOIN (
    SELECT [u0].[UserId], [u0].[RoleId], [u0].[AssignedUtc], [r].[Id], [r].[Description], [r].[Name]
    FROM [UserRoles] AS [u0]
    INNER JOIN [Roles] AS [r] ON [u0].[RoleId] = [r].[Id]
) AS [s] ON [u1].[Id] = [s].[UserId]
ORDER BY [u1].[Id], [s].[UserId], [s].[RoleId]
2026-04-21 10:53:28.380 +01:00 [INF] Executed DbCommand (11ms) [Parameters=[@userId='?' (DbType = Guid)], CommandType='"Text"', CommandTimeout='30']
SELECT DISTINCT [r].[Name]
FROM [UserRoles] AS [u]
INNER JOIN [Roles] AS [r] ON [u].[RoleId] = [r].[Id]
WHERE [u].[UserId] = @userId
2026-04-21 10:53:28.477 +01:00 [INF] Executed endpoint 'HTTP: POST /api/auth/login'
2026-04-21 10:53:28.485 +01:00 [INF] Request finished HTTP/1.1 POST http://localhost:5021/api/auth/login - 200 null application/json; charset=utf-8 1732.5031ms
2026-04-21 10:53:28.494 +01:00 [INF] Request starting HTTP/1.1 OPTIONS http://localhost:5021/api/me - null null
2026-04-21 10:53:28.496 +01:00 [INF] CORS policy execution successful.
2026-04-21 10:53:28.496 +01:00 [INF] Request finished HTTP/1.1 OPTIONS http://localhost:5021/api/me - 204 null null 1.8634ms
2026-04-21 10:53:28.500 +01:00 [INF] Request starting HTTP/1.1 GET http://localhost:5021/api/me - null null
2026-04-21 10:53:28.501 +01:00 [INF] CORS policy execution successful.
2026-04-21 10:53:28.655 +01:00 [INF] Executed DbCommand (6ms) [Parameters=[@entraObjectId='?' (Size = 100)], CommandType='"Text"', CommandTimeout='30']
SELECT TOP(1) [u].[Id], [u].[CreatedUtc], [u].[DisplayName], [u].[Email], [u].[EntraObjectId], [u].[IsActive], [u].[PasswordHash], [u].[UpdatedUtc], [u].[Username]
FROM [Users] AS [u]
WHERE [u].[EntraObjectId] = @entraObjectId
2026-04-21 10:53:28.844 +01:00 [INF] Executed DbCommand (29ms) [Parameters=[@p2='?' (DbType = Guid), @p0='?' (Size = 256), @p1='?' (DbType = DateTime2)], CommandType='"Text"', CommandTimeout='30']
SET IMPLICIT_TRANSACTIONS OFF;
SET NOCOUNT ON;
UPDATE [Users] SET [Email] = @p0, [UpdatedUtc] = @p1
OUTPUT 1
WHERE [Id] = @p2;
2026-04-21 10:53:28.874 +01:00 [INF] Executed DbCommand (8ms) [Parameters=[@user_Id='?' (DbType = Guid)], CommandType='"Text"', CommandTimeout='30']
SELECT [r].[Name]
FROM [UserRoles] AS [u]
INNER JOIN [Roles] AS [r] ON [u].[RoleId] = [r].[Id]
WHERE [u].[UserId] = @user_Id
2026-04-21 10:53:28.877 +01:00 [INF] Executing endpoint 'HTTP: GET /api/me'
2026-04-21 10:53:28.933 +01:00 [INF] Executed DbCommand (17ms) [Parameters=[@entraObjectId='?' (Size = 100)], CommandType='"Text"', CommandTimeout='30']
SELECT [u1].[Id], [u1].[CreatedUtc], [u1].[DisplayName], [u1].[Email], [u1].[EntraObjectId], [u1].[IsActive], [u1].[PasswordHash], [u1].[UpdatedUtc], [u1].[Username], [s].[UserId], [s].[RoleId], [s].[AssignedUtc], [s].[Id], [s].[Description], [s].[Name]
FROM (
    SELECT TOP(1) [u].[Id], [u].[CreatedUtc], [u].[DisplayName], [u].[Email], [u].[EntraObjectId], [u].[IsActive], [u].[PasswordHash], [u].[UpdatedUtc], [u].[Username]
    FROM [Users] AS [u]
    WHERE [u].[EntraObjectId] = @entraObjectId
) AS [u1]
LEFT JOIN (
    SELECT [u0].[UserId], [u0].[RoleId], [u0].[AssignedUtc], [r].[Id], [r].[Description], [r].[Name]
    FROM [UserRoles] AS [u0]
    INNER JOIN [Roles] AS [r] ON [u0].[RoleId] = [r].[Id]
) AS [s] ON [u1].[Id] = [s].[UserId]
ORDER BY [u1].[Id], [s].[UserId], [s].[RoleId]
2026-04-21 10:53:28.953 +01:00 [INF] Executed endpoint 'HTTP: GET /api/me'
2026-04-21 10:53:28.954 +01:00 [INF] Request finished HTTP/1.1 GET http://localhost:5021/api/me - 200 null application/json; charset=utf-8 453.8947ms
2026-04-21 10:53:40.205 +01:00 [INF] Request starting HTTP/1.1 OPTIONS http://localhost:5021/api/gradebook/courses/sample-id/students - null null
2026-04-21 10:53:40.206 +01:00 [INF] CORS policy execution successful.
2026-04-21 10:53:40.206 +01:00 [INF] Request starting HTTP/1.1 OPTIONS http://localhost:5021/api/gradebook/courses/sample-id - null null
2026-04-21 10:53:40.206 +01:00 [INF] CORS policy execution successful.
2026-04-21 10:53:40.206 +01:00 [INF] Request finished HTTP/1.1 OPTIONS http://localhost:5021/api/gradebook/courses/sample-id/students - 204 null null 1.2039ms
2026-04-21 10:53:40.207 +01:00 [INF] Request finished HTTP/1.1 OPTIONS http://localhost:5021/api/gradebook/courses/sample-id - 204 null null 0.6595ms
2026-04-21 10:53:40.214 +01:00 [INF] Request starting HTTP/1.1 GET http://localhost:5021/api/gradebook/courses/sample-id/students - null null
2026-04-21 10:53:40.218 +01:00 [INF] Request starting HTTP/1.1 GET http://localhost:5021/api/gradebook/courses/sample-id - null null
2026-04-21 10:53:40.226 +01:00 [INF] CORS policy execution successful.
2026-04-21 10:53:40.250 +01:00 [INF] CORS policy execution successful.
2026-04-21 10:53:40.340 +01:00 [INF] Executed DbCommand (83ms) [Parameters=[@entraObjectId='?' (Size = 100)], CommandType='"Text"', CommandTimeout='30']
SELECT TOP(1) [u].[Id], [u].[CreatedUtc], [u].[DisplayName], [u].[Email], [u].[EntraObjectId], [u].[IsActive], [u].[PasswordHash], [u].[UpdatedUtc], [u].[Username]
FROM [Users] AS [u]
WHERE [u].[EntraObjectId] = @entraObjectId
2026-04-21 10:53:40.574 +01:00 [INF] Executed DbCommand (223ms) [Parameters=[@p1='?' (DbType = Guid), @p0='?' (DbType = DateTime2)], CommandType='"Text"', CommandTimeout='30']
SET IMPLICIT_TRANSACTIONS OFF;
SET NOCOUNT ON;
UPDATE [Users] SET [UpdatedUtc] = @p0
OUTPUT 1
WHERE [Id] = @p1;
2026-04-21 10:53:40.625 +01:00 [INF] Executed DbCommand (47ms) [Parameters=[@user_Id='?' (DbType = Guid)], CommandType='"Text"', CommandTimeout='30']
SELECT [r].[Name]
FROM [UserRoles] AS [u]
INNER JOIN [Roles] AS [r] ON [u].[RoleId] = [r].[Id]
WHERE [u].[UserId] = @user_Id
2026-04-21 10:53:40.662 +01:00 [INF] Request finished HTTP/1.1 GET http://localhost:5021/api/gradebook/courses/sample-id - 404 null application/json; charset=utf-8 444.2065ms
2026-04-21 10:53:40.683 +01:00 [INF] Request reached the end of the middleware pipeline without being handled by application code. Request path: GET http://localhost:5021/api/gradebook/courses/sample-id, Response status code: 404
2026-04-21 10:53:41.310 +01:00 [INF] Executed DbCommand (153ms) [Parameters=[@entraObjectId='?' (Size = 100)], CommandType='"Text"', CommandTimeout='30']
SELECT TOP(1) [u].[Id], [u].[CreatedUtc], [u].[DisplayName], [u].[Email], [u].[EntraObjectId], [u].[IsActive], [u].[PasswordHash], [u].[UpdatedUtc], [u].[Username]
FROM [Users] AS [u]
WHERE [u].[EntraObjectId] = @entraObjectId
2026-04-21 10:53:42.085 +01:00 [INF] Executed DbCommand (769ms) [Parameters=[@p1='?' (DbType = Guid), @p0='?' (DbType = DateTime2)], CommandType='"Text"', CommandTimeout='30']
SET IMPLICIT_TRANSACTIONS OFF;
SET NOCOUNT ON;
UPDATE [Users] SET [UpdatedUtc] = @p0
OUTPUT 1
WHERE [Id] = @p1;
2026-04-21 10:53:42.532 +01:00 [INF] Executed DbCommand (429ms) [Parameters=[@user_Id='?' (DbType = Guid)], CommandType='"Text"', CommandTimeout='30']
SELECT [r].[Name]
FROM [UserRoles] AS [u]
INNER JOIN [Roles] AS [r] ON [u].[RoleId] = [r].[Id]
WHERE [u].[UserId] = @user_Id
2026-04-21 10:53:42.540 +01:00 [INF] Request finished HTTP/1.1 GET http://localhost:5021/api/gradebook/courses/sample-id/students - 404 null application/json; charset=utf-8 2325.67ms
2026-04-21 10:53:42.540 +01:00 [INF] Request reached the end of the middleware pipeline without being handled by application code. Request path: GET http://localhost:5021/api/gradebook/courses/sample-id/students, Response status code: 404
2026-04-21 13:03:27.445 +01:00 [INF] Request starting HTTP/1.1 OPTIONS http://localhost:5021/api/me - null null
2026-04-21 13:03:27.590 +01:00 [INF] CORS policy execution successful.
2026-04-21 13:03:27.667 +01:00 [INF] Request finished HTTP/1.1 OPTIONS http://localhost:5021/api/me - 204 null null 210.8567ms
2026-04-21 13:03:27.705 +01:00 [INF] Request starting HTTP/1.1 GET http://localhost:5021/api/me - null null
2026-04-21 13:03:27.720 +01:00 [INF] CORS policy execution successful.
2026-04-21 13:03:28.756 +01:00 [INF] Failed to validate the token.
Microsoft.IdentityModel.Tokens.SecurityTokenExpiredException: IDX10223: Lifetime validation failed. The token is expired. ValidTo (UTC): '21/04/2026 10:53:28', Current time (UTC): '21/04/2026 12:03:27'.
   at Microsoft.IdentityModel.Tokens.ValidatorUtilities.ValidateLifetime(Nullable`1 notBefore, Nullable`1 expires, SecurityToken securityToken, TokenValidationParameters validationParameters)
   at Microsoft.IdentityModel.Tokens.Validators.ValidateLifetime(Nullable`1 notBefore, Nullable`1 expires, SecurityToken securityToken, TokenValidationParameters validationParameters)
   at Microsoft.IdentityModel.JsonWebTokens.JsonWebTokenHandler.ValidateTokenPayloadAsync(JsonWebToken jsonWebToken, TokenValidationParameters validationParameters, BaseConfiguration configuration)
   at Microsoft.IdentityModel.JsonWebTokens.JsonWebTokenHandler.ValidateJWSAsync(JsonWebToken jsonWebToken, TokenValidationParameters validationParameters, BaseConfiguration configuration)
2026-04-21 13:03:30.831 +01:00 [INF] LocalJwt was not authenticated. Failure message: IDX10223: Lifetime validation failed. The token is expired. ValidTo (UTC): '21/04/2026 10:53:28', Current time (UTC): '21/04/2026 12:03:27'.
2026-04-21 13:03:30.870 +01:00 [INF] Executing endpoint 'HTTP: GET /api/me'
2026-04-21 13:03:30.914 +01:00 [INF] Executed endpoint 'HTTP: GET /api/me'
2026-04-21 13:03:30.919 +01:00 [INF] Request finished HTTP/1.1 GET http://localhost:5021/api/me - 200 null application/json; charset=utf-8 3213.4775ms
2026-04-21 13:03:31.054 +01:00 [INF] Request starting HTTP/1.1 OPTIONS http://localhost:5021/api/courses/my-courses - null null
2026-04-21 13:03:31.098 +01:00 [INF] CORS policy execution successful.
2026-04-21 13:03:31.098 +01:00 [INF] Request finished HTTP/1.1 OPTIONS http://localhost:5021/api/courses/my-courses - 204 null null 43.4605ms
2026-04-21 13:03:31.125 +01:00 [INF] Request starting HTTP/1.1 GET http://localhost:5021/api/courses/my-courses - null null
2026-04-21 13:03:31.125 +01:00 [INF] CORS policy execution successful.
2026-04-21 13:03:31.146 +01:00 [INF] Failed to validate the token.
Microsoft.IdentityModel.Tokens.SecurityTokenExpiredException: IDX10223: Lifetime validation failed. The token is expired. ValidTo (UTC): '21/04/2026 10:53:28', Current time (UTC): '21/04/2026 12:03:31'.
   at Microsoft.IdentityModel.Tokens.ValidatorUtilities.ValidateLifetime(Nullable`1 notBefore, Nullable`1 expires, SecurityToken securityToken, TokenValidationParameters validationParameters)
   at Microsoft.IdentityModel.Tokens.Validators.ValidateLifetime(Nullable`1 notBefore, Nullable`1 expires, SecurityToken securityToken, TokenValidationParameters validationParameters)
   at Microsoft.IdentityModel.JsonWebTokens.JsonWebTokenHandler.ValidateTokenPayloadAsync(JsonWebToken jsonWebToken, TokenValidationParameters validationParameters, BaseConfiguration configuration)
   at Microsoft.IdentityModel.JsonWebTokens.JsonWebTokenHandler.ValidateJWSAsync(JsonWebToken jsonWebToken, TokenValidationParameters validationParameters, BaseConfiguration configuration)
2026-04-21 13:03:31.147 +01:00 [INF] LocalJwt was not authenticated. Failure message: IDX10223: Lifetime validation failed. The token is expired. ValidTo (UTC): '21/04/2026 10:53:28', Current time (UTC): '21/04/2026 12:03:31'.
2026-04-21 13:03:31.148 +01:00 [INF] Executing endpoint 'HTTP: GET /api/courses/my-courses'
2026-04-21 13:03:31.401 +01:00 [INF] Setting HTTP status code 401.
2026-04-21 13:03:31.498 +01:00 [INF] Writing value of type 'ApiResponse`1' as Json.
2026-04-21 13:03:31.518 +01:00 [INF] Executed endpoint 'HTTP: GET /api/courses/my-courses'
2026-04-21 13:03:31.519 +01:00 [INF] Request finished HTTP/1.1 GET http://localhost:5021/api/courses/my-courses - 401 null application/json; charset=utf-8 393.8695ms
2026-04-21 13:04:52.451 +01:00 [INF] Request starting HTTP/1.1 OPTIONS http://localhost:5021/api/auth/login - null null
2026-04-21 13:04:52.453 +01:00 [INF] CORS policy execution successful.
2026-04-21 13:04:52.453 +01:00 [INF] Request finished HTTP/1.1 OPTIONS http://localhost:5021/api/auth/login - 204 null null 2.5285ms
2026-04-21 13:04:52.466 +01:00 [INF] Request starting HTTP/1.1 POST http://localhost:5021/api/auth/login - application/json 76
2026-04-21 13:04:52.477 +01:00 [INF] CORS policy execution successful.
2026-04-21 13:04:52.482 +01:00 [INF] Executing endpoint 'HTTP: POST /api/auth/login'
2026-04-21 13:04:55.747 +01:00 [INF] Executed DbCommand (704ms) [Parameters=[@username='?' (Size = 64), @username0='?' (Size = 256)], CommandType='"Text"', CommandTimeout='30']
SELECT TOP(1) [u].[Id], [u].[CreatedUtc], [u].[DisplayName], [u].[Email], [u].[EntraObjectId], [u].[IsActive], [u].[PasswordHash], [u].[UpdatedUtc], [u].[Username]
FROM [Users] AS [u]
WHERE ([u].[Username] = @username OR [u].[Email] = @username0) AND [u].[IsActive] = CAST(1 AS bit)
2026-04-21 13:04:55.769 +01:00 [INF] Setting HTTP status code 401.
2026-04-21 13:04:55.781 +01:00 [INF] Writing value of type 'ApiResponse`1' as Json.
2026-04-21 13:04:55.785 +01:00 [INF] Executed endpoint 'HTTP: POST /api/auth/login'
2026-04-21 13:04:55.787 +01:00 [INF] Request finished HTTP/1.1 POST http://localhost:5021/api/auth/login - 401 null application/json; charset=utf-8 3320.8931ms
2026-04-21 13:05:23.611 +01:00 [INF] Request starting HTTP/1.1 OPTIONS http://localhost:5021/api/auth/login - null null
2026-04-21 13:05:23.612 +01:00 [INF] CORS policy execution successful.
2026-04-21 13:05:23.614 +01:00 [INF] Request finished HTTP/1.1 OPTIONS http://localhost:5021/api/auth/login - 204 null null 2.6907ms
2026-04-21 13:05:23.618 +01:00 [INF] Request starting HTTP/1.1 POST http://localhost:5021/api/auth/login - application/json 76
2026-04-21 13:05:23.620 +01:00 [INF] CORS policy execution successful.
2026-04-21 13:05:23.625 +01:00 [INF] Executing endpoint 'HTTP: POST /api/auth/login'
2026-04-21 13:05:23.661 +01:00 [INF] Executed DbCommand (29ms) [Parameters=[@username='?' (Size = 64), @username0='?' (Size = 256)], CommandType='"Text"', CommandTimeout='30']
SELECT TOP(1) [u].[Id], [u].[CreatedUtc], [u].[DisplayName], [u].[Email], [u].[EntraObjectId], [u].[IsActive], [u].[PasswordHash], [u].[UpdatedUtc], [u].[Username]
FROM [Users] AS [u]
WHERE ([u].[Username] = @username OR [u].[Email] = @username0) AND [u].[IsActive] = CAST(1 AS bit)
2026-04-21 13:05:23.663 +01:00 [INF] Setting HTTP status code 401.
2026-04-21 13:05:23.663 +01:00 [INF] Writing value of type 'ApiResponse`1' as Json.
2026-04-21 13:05:23.665 +01:00 [INF] Executed endpoint 'HTTP: POST /api/auth/login'
2026-04-21 13:05:23.672 +01:00 [INF] Request finished HTTP/1.1 POST http://localhost:5021/api/auth/login - 401 null application/json; charset=utf-8 53.9461ms
2026-04-21 13:05:35.412 +01:00 [INF] Request starting HTTP/1.1 OPTIONS http://localhost:5021/api/auth/login - null null
2026-04-21 13:05:35.412 +01:00 [INF] CORS policy execution successful.
2026-04-21 13:05:35.427 +01:00 [INF] Request finished HTTP/1.1 OPTIONS http://localhost:5021/api/auth/login - 204 null null 15.4912ms
2026-04-21 13:05:35.430 +01:00 [INF] Request starting HTTP/1.1 POST http://localhost:5021/api/auth/login - application/json 76
2026-04-21 13:05:35.430 +01:00 [INF] CORS policy execution successful.
2026-04-21 13:05:35.432 +01:00 [INF] Executing endpoint 'HTTP: POST /api/auth/login'
2026-04-21 13:05:35.443 +01:00 [INF] Executed DbCommand (7ms) [Parameters=[@username='?' (Size = 64), @username0='?' (Size = 256)], CommandType='"Text"', CommandTimeout='30']
SELECT TOP(1) [u].[Id], [u].[CreatedUtc], [u].[DisplayName], [u].[Email], [u].[EntraObjectId], [u].[IsActive], [u].[PasswordHash], [u].[UpdatedUtc], [u].[Username]
FROM [Users] AS [u]
WHERE ([u].[Username] = @username OR [u].[Email] = @username0) AND [u].[IsActive] = CAST(1 AS bit)
2026-04-21 13:05:35.444 +01:00 [INF] Setting HTTP status code 401.
2026-04-21 13:05:35.444 +01:00 [INF] Writing value of type 'ApiResponse`1' as Json.
2026-04-21 13:05:35.445 +01:00 [INF] Executed endpoint 'HTTP: POST /api/auth/login'
2026-04-21 13:05:35.445 +01:00 [INF] Request finished HTTP/1.1 POST http://localhost:5021/api/auth/login - 401 null application/json; charset=utf-8 15.2875ms
2026-04-21 13:05:56.839 +01:00 [INF] Application is shutting down...
