2026-04-22 15:26:07.006 +01:00 [INF] Executed DbCommand (166ms) [Parameters=[], CommandType='"Text"', CommandTimeout='30']
SELECT 1
2026-04-22 15:26:07.152 +01:00 [INF] Acquiring an exclusive lock for migration application. See https://aka.ms/efcore-docs-migrations-lock for more information if this takes too long.
2026-04-22 15:26:07.440 +01:00 [INF] Executed DbCommand (278ms) [Parameters=[], CommandType='"Text"', CommandTimeout='30']
DECLARE @result int;
EXEC @result = sp_getapplock @Resource = '__EFMigrationsLock', @LockOwner = 'Session', @LockMode = 'Exclusive';
SELECT @result
2026-04-22 15:26:07.932 +01:00 [INF] Executed DbCommand (218ms) [Parameters=[], CommandType='"Text"', CommandTimeout='30']
IF OBJECT_ID(N'[__EFMigrationsHistory]') IS NULL
BEGIN
    CREATE TABLE [__EFMigrationsHistory] (
        [MigrationId] nvarchar(150) NOT NULL,
        [ProductVersion] nvarchar(32) NOT NULL,
        CONSTRAINT [PK___EFMigrationsHistory] PRIMARY KEY ([MigrationId])
    );
END;
2026-04-22 15:26:08.021 +01:00 [INF] Executed DbCommand (8ms) [Parameters=[], CommandType='"Text"', CommandTimeout='30']
SELECT 1
2026-04-22 15:26:08.052 +01:00 [INF] Executed DbCommand (29ms) [Parameters=[], CommandType='"Text"', CommandTimeout='30']
SELECT OBJECT_ID(N'[__EFMigrationsHistory]');
2026-04-22 15:26:08.161 +01:00 [INF] Executed DbCommand (97ms) [Parameters=[], CommandType='"Text"', CommandTimeout='30']
SELECT [MigrationId], [ProductVersion]
FROM [__EFMigrationsHistory]
ORDER BY [MigrationId];
2026-04-22 15:26:08.189 +01:00 [INF] No migrations were applied. The database is already up to date.
2026-04-22 15:26:08.437 +01:00 [INF] Executed DbCommand (240ms) [Parameters=[], CommandType='"Text"', CommandTimeout='30']
DECLARE @result int;
EXEC @result = sp_releaseapplock @Resource = '__EFMigrationsLock', @LockOwner = 'Session';
SELECT @result
2026-04-22 15:26:09.646 +01:00 [INF] Executed DbCommand (54ms) [Parameters=[], CommandType='"Text"', CommandTimeout='30']
SELECT [r].[Name]
FROM [Roles] AS [r]
2026-04-22 15:26:09.754 +01:00 [INF] Executed DbCommand (15ms) [Parameters=[], CommandType='"Text"', CommandTimeout='30']
SELECT [p].[Code]
FROM [Permissions] AS [p]
2026-04-22 15:26:09.923 +01:00 [INF] Executed DbCommand (14ms) [Parameters=[], CommandType='"Text"', CommandTimeout='30']
SELECT [r].[Id], [r].[Description], [r].[Name]
FROM [Roles] AS [r]
2026-04-22 15:26:09.983 +01:00 [INF] Executed DbCommand (9ms) [Parameters=[], CommandType='"Text"', CommandTimeout='30']
SELECT [p].[Id], [p].[Code], [p].[Description]
FROM [Permissions] AS [p]
2026-04-22 15:26:10.118 +01:00 [INF] Executed DbCommand (41ms) [Parameters=[], CommandType='"Text"', CommandTimeout='30']
SELECT [r].[RoleId], [r].[PermissionId]
FROM [RolePermissions] AS [r]
2026-04-22 15:26:10.404 +01:00 [INF] Executed DbCommand (69ms) [Parameters=[@adminRole_Id='?' (DbType = Guid), @accessManagePermission_Id='?' (DbType = Guid)], CommandType='"Text"', CommandTimeout='30']
SELECT TOP(1) [r].[RoleId], [r].[PermissionId], [r].[AssignedUtc]
FROM [RolePermissions] AS [r]
WHERE [r].[RoleId] = @adminRole_Id AND [r].[PermissionId] = @accessManagePermission_Id
2026-04-22 15:26:10.507 +01:00 [INF] Executed DbCommand (12ms) [Parameters=[], CommandType='"Text"', CommandTimeout='30']
SELECT CASE
    WHEN EXISTS (
        SELECT 1
        FROM [AcademicSessions] AS [a]) THEN CAST(1 AS bit)
    ELSE CAST(0 AS bit)
END
2026-04-22 15:26:10.514 +01:00 [INF] Sessions already seeded. Skipping.
2026-04-22 15:26:10.563 +01:00 [INF] Executed DbCommand (27ms) [Parameters=[], CommandType='"Text"', CommandTimeout='30']
SELECT CASE
    WHEN EXISTS (
        SELECT 1
        FROM [Faculties] AS [f]) THEN CAST(1 AS bit)
    ELSE CAST(0 AS bit)
END
2026-04-22 15:26:10.564 +01:00 [INF] Faculties already seeded. Skipping.
2026-04-22 15:26:10.608 +01:00 [INF] Executed DbCommand (17ms) [Parameters=[], CommandType='"Text"', CommandTimeout='30']
SELECT CASE
    WHEN EXISTS (
        SELECT 1
        FROM [Departments] AS [d]) THEN CAST(1 AS bit)
    ELSE CAST(0 AS bit)
END
2026-04-22 15:26:10.609 +01:00 [INF] Seeding Departments...
2026-04-22 15:26:10.642 +01:00 [INF] Executed DbCommand (8ms) [Parameters=[], CommandType='"Text"', CommandTimeout='30']
SELECT TOP(1) [f].[Id], [f].[CreatedDate], [f].[Label], [f].[Name], [f].[UpdatedDate]
FROM [Faculties] AS [f]
WHERE [f].[Name] = N'Arts'
2026-04-22 15:26:10.669 +01:00 [INF] Executed DbCommand (10ms) [Parameters=[], CommandType='"Text"', CommandTimeout='30']
SELECT TOP(1) [f].[Id], [f].[CreatedDate], [f].[Label], [f].[Name], [f].[UpdatedDate]
FROM [Faculties] AS [f]
WHERE [f].[Name] = N'Engineering'
2026-04-22 15:26:10.871 +01:00 [INF] Executed DbCommand (16ms) [Parameters=[], CommandType='"Text"', CommandTimeout='30']
SELECT TOP(1) [f].[Id], [f].[CreatedDate], [f].[Label], [f].[Name], [f].[UpdatedDate]
FROM [Faculties] AS [f]
WHERE [f].[Name] = N'Management and Social Sciences'
2026-04-22 15:26:10.906 +01:00 [INF] Executed DbCommand (6ms) [Parameters=[], CommandType='"Text"', CommandTimeout='30']
SELECT TOP(1) [f].[Id], [f].[CreatedDate], [f].[Label], [f].[Name], [f].[UpdatedDate]
FROM [Faculties] AS [f]
WHERE [f].[Name] = N'Science and Computing'
2026-04-22 15:26:10.910 +01:00 [ERR] Required faculties not found for department seeding. Skipping.
2026-04-22 15:26:10.961 +01:00 [INF] Executed DbCommand (9ms) [Parameters=[], CommandType='"Text"', CommandTimeout='30']
SELECT CASE
    WHEN EXISTS (
        SELECT 1
        FROM [Programs] AS [p]) THEN CAST(1 AS bit)
    ELSE CAST(0 AS bit)
END
2026-04-22 15:26:10.962 +01:00 [INF] Programs already seeded. Skipping.
2026-04-22 15:26:10.991 +01:00 [INF] Executed DbCommand (6ms) [Parameters=[], CommandType='"Text"', CommandTimeout='30']
SELECT CASE
    WHEN EXISTS (
        SELECT 1
        FROM [DocumentTypes] AS [d]) THEN CAST(1 AS bit)
    ELSE CAST(0 AS bit)
END
2026-04-22 15:26:10.992 +01:00 [INF] Document types already seeded. Skipping.
2026-04-22 15:26:11.022 +01:00 [INF] Executed DbCommand (12ms) [Parameters=[], CommandType='"Text"', CommandTimeout='30']
SELECT CASE
    WHEN EXISTS (
        SELECT 1
        FROM [SponsorOrganizations] AS [s]) THEN CAST(1 AS bit)
    ELSE CAST(0 AS bit)
END
2026-04-22 15:26:11.022 +01:00 [INF] Sponsors already seeded. Skipping.
2026-04-22 15:26:11.088 +01:00 [INF] Executed DbCommand (25ms) [Parameters=[], CommandType='"Text"', CommandTimeout='30']
SELECT CASE
    WHEN EXISTS (
        SELECT 1
        FROM [Subjects] AS [s]) THEN CAST(1 AS bit)
    ELSE CAST(0 AS bit)
END
2026-04-22 15:26:11.089 +01:00 [INF] Subjects already seeded. Skipping.
2026-04-22 15:26:11.089 +01:00 [INF] Database initialization completed successfully.
2026-04-22 15:26:11.391 +01:00 [INF] Initializing Entra ID Service with TenantId: c9a98a3d-152f-4eb3-b93f-9b26fdd08495, ClientId: 67618b43-bfd0-483c-9750-bd5703101cbf, Domain: wigweuniversity.onmicrosoft.com
2026-04-22 15:26:11.552 +01:00 [INF] Entra ID Service initialized successfully
2026-04-22 15:26:11.952 +01:00 [INF] Registered 150 endpoints in 15,091 milliseconds.
2026-04-22 15:26:11.984 +01:00 [INF] User profile is available. Using 'C:\Users\StanleyNwaegwu\AppData\Local\ASP.NET\DataProtection-Keys' as key repository and Windows DPAPI to encrypt keys at rest.
2026-04-22 15:26:12.126 +01:00 [INF] Now listening on: http://localhost:5021
2026-04-22 15:26:12.126 +01:00 [INF] Application started. Press Ctrl+C to shut down.
2026-04-22 15:26:12.126 +01:00 [INF] Hosting environment: Development
2026-04-22 15:26:12.126 +01:00 [INF] Content root path: C:\Work\LMS\LMS-API\LMS.Api
2026-04-22 15:26:31.963 +01:00 [INF] Request starting HTTP/1.1 GET http://localhost:5021/ - null null
2026-04-22 15:26:32.483 +01:00 [INF] Authorization failed. These requirements were not met:
DenyAnonymousAuthorizationRequirement: Requires an authenticated user.
2026-04-22 15:26:32.491 +01:00 [INF] AuthenticationScheme: Bearer was challenged.
2026-04-22 15:26:32.555 +01:00 [INF] Request finished HTTP/1.1 GET http://localhost:5021/ - 401 null application/json; charset=utf-8 596.3383ms
2026-04-22 15:26:32.694 +01:00 [INF] Request starting HTTP/1.1 GET http://localhost:5021/favicon.ico - null null
2026-04-22 15:26:32.708 +01:00 [INF] Authorization failed. These requirements were not met:
DenyAnonymousAuthorizationRequirement: Requires an authenticated user.
2026-04-22 15:26:32.710 +01:00 [INF] AuthenticationScheme: Bearer was challenged.
2026-04-22 15:26:32.711 +01:00 [INF] Request finished HTTP/1.1 GET http://localhost:5021/favicon.ico - 401 null application/json; charset=utf-8 17.7121ms
2026-04-22 15:26:35.587 +01:00 [INF] Request starting HTTP/1.1 GET http://localhost:5021/docs - null null
2026-04-22 15:26:35.598 +01:00 [INF] Executing endpoint 'HTTP: GET /docs/{documentName?}'
2026-04-22 15:26:35.604 +01:00 [INF] Executing RedirectResult, redirecting to docs/.
2026-04-22 15:26:35.604 +01:00 [INF] Executed endpoint 'HTTP: GET /docs/{documentName?}'
2026-04-22 15:26:35.605 +01:00 [INF] Request finished HTTP/1.1 GET http://localhost:5021/docs - 302 null null 17.3807ms
2026-04-22 15:26:35.608 +01:00 [INF] Request starting HTTP/1.1 GET http://localhost:5021/docs/ - null null
2026-04-22 15:26:35.609 +01:00 [INF] Executing endpoint 'HTTP: GET /docs/{documentName?}'
2026-04-22 15:26:35.807 +01:00 [INF] Write content with HTTP Response ContentType of text/html
2026-04-22 15:26:35.814 +01:00 [INF] Executed endpoint 'HTTP: GET /docs/{documentName?}'
2026-04-22 15:26:35.816 +01:00 [INF] Request finished HTTP/1.1 GET http://localhost:5021/docs/ - 200 null text/html 207.5797ms
2026-04-22 15:26:35.835 +01:00 [INF] Request starting HTTP/1.1 GET http://localhost:5021/docs/scalar.js - null null
2026-04-22 15:26:35.835 +01:00 [INF] Executing endpoint 'HTTP: GET /docs/scalar.js'
2026-04-22 15:26:35.839 +01:00 [INF] Request starting HTTP/1.1 GET http://localhost:5021/docs/scalar.aspnetcore.js - null null
2026-04-22 15:26:35.840 +01:00 [INF] Request starting HTTP/1.1 GET http://localhost:5021/_framework/aspnetcore-browser-refresh.js - null null
2026-04-22 15:26:35.841 +01:00 [INF] CORS policy execution failed.
2026-04-22 15:26:35.841 +01:00 [INF] Request origin http://localhost:5021 does not have permission to access the resource.
2026-04-22 15:26:35.841 +01:00 [INF] Sending file with download name ''.
2026-04-22 15:26:35.842 +01:00 [INF] Request finished HTTP/1.1 GET http://localhost:5021/_framework/aspnetcore-browser-refresh.js - 200 14899 application/javascript; charset=utf-8 2.1447ms
2026-04-22 15:26:35.843 +01:00 [INF] Executing endpoint 'HTTP: GET /docs/scalar.aspnetcore.js'
2026-04-22 15:26:35.843 +01:00 [INF] Sending file with download name ''.
2026-04-22 15:26:35.844 +01:00 [INF] Executed endpoint 'HTTP: GET /docs/scalar.aspnetcore.js'
2026-04-22 15:26:35.844 +01:00 [INF] Request finished HTTP/1.1 GET http://localhost:5021/docs/scalar.aspnetcore.js - 200 1111 text/javascript 5.4794ms
2026-04-22 15:26:35.858 +01:00 [INF] Executed endpoint 'HTTP: GET /docs/scalar.js'
2026-04-22 15:26:35.866 +01:00 [INF] Request finished HTTP/1.1 GET http://localhost:5021/docs/scalar.js - 200 989777 text/javascript 31.3612ms
2026-04-22 15:26:36.129 +01:00 [INF] Request starting HTTP/1.1 GET http://localhost:5021/openapi/v1.json - null null
2026-04-22 15:26:36.131 +01:00 [INF] Executing endpoint 'HTTP: GET /openapi/{documentName}.json'
2026-04-22 15:26:36.162 +01:00 [INF] No action descriptors found. This may indicate an incorrectly configured application or missing application parts. To learn more, visit https://aka.ms/aspnet/mvc/app-parts
2026-04-22 15:26:36.266 +01:00 [INF] Request starting HTTP/1.1 GET http://localhost:5021/docs/favicon.svg - null null
2026-04-22 15:26:36.269 +01:00 [INF] Executing endpoint 'HTTP: GET /docs/favicon.svg'
2026-04-22 15:26:36.270 +01:00 [INF] Sending file with download name ''.
2026-04-22 15:26:36.271 +01:00 [INF] Executed endpoint 'HTTP: GET /docs/favicon.svg'
2026-04-22 15:26:36.271 +01:00 [INF] Request finished HTTP/1.1 GET http://localhost:5021/docs/favicon.svg - 200 533 image/svg+xml 5.4856ms
2026-04-22 15:26:37.760 +01:00 [INF] Executed endpoint 'HTTP: GET /openapi/{documentName}.json'
2026-04-22 15:26:37.765 +01:00 [ERR] An unhandled exception has occurred while executing the request.
System.InvalidOperationException: CurrentDepth (64) is equal to or larger than the maximum allowed depth of 64. Cannot write the next JSON object or array.
   at System.Text.Json.ThrowHelper.ThrowInvalidOperationException(ExceptionResource resource, Int32 currentDepth, Int32 maxDepth, Byte token, JsonTokenType tokenType)
   at System.Text.Json.Utf8JsonWriter.ThrowInvalidOperationException_DepthTooLarge()
   at System.Text.Json.Utf8JsonWriter.WriteStart(Byte token)
   at System.Text.Json.Nodes.JsonArray.WriteTo(Utf8JsonWriter writer, JsonSerializerOptions options)
   at System.Text.Json.Nodes.JsonObject.WriteTo(Utf8JsonWriter writer, JsonSerializerOptions options)
   at System.Text.Json.Nodes.JsonObject.WriteTo(Utf8JsonWriter writer, JsonSerializerOptions options)
   at System.Text.Json.Nodes.JsonObject.WriteTo(Utf8JsonWriter writer, JsonSerializerOptions options)
   at System.Text.Json.Nodes.JsonObject.WriteTo(Utf8JsonWriter writer, JsonSerializerOptions options)
   at System.Text.Json.Nodes.JsonObject.WriteTo(Utf8JsonWriter writer, JsonSerializerOptions options)
   at System.Text.Json.Nodes.JsonObject.WriteTo(Utf8JsonWriter writer, JsonSerializerOptions options)
   at System.Text.Json.Nodes.JsonObject.WriteTo(Utf8JsonWriter writer, JsonSerializerOptions options)
   at System.Text.Json.Nodes.JsonObject.WriteTo(Utf8JsonWriter writer, JsonSerializerOptions options)
   at System.Text.Json.Nodes.JsonObject.WriteTo(Utf8JsonWriter writer, JsonSerializerOptions options)
   at System.Text.Json.Nodes.JsonObject.WriteTo(Utf8JsonWriter writer, JsonSerializerOptions options)
   at System.Text.Json.Nodes.JsonObject.WriteTo(Utf8JsonWriter writer, JsonSerializerOptions options)
   at System.Text.Json.Nodes.JsonObject.WriteTo(Utf8JsonWriter writer, JsonSerializerOptions options)
   at System.Text.Json.Nodes.JsonObject.WriteTo(Utf8JsonWriter writer, JsonSerializerOptions options)
   at System.Text.Json.Nodes.JsonObject.WriteTo(Utf8JsonWriter writer, JsonSerializerOptions options)
   at System.Text.Json.Nodes.JsonObject.WriteTo(Utf8JsonWriter writer, JsonSerializerOptions options)
   at System.Text.Json.Nodes.JsonObject.WriteTo(Utf8JsonWriter writer, JsonSerializerOptions options)
   at System.Text.Json.Nodes.JsonObject.WriteTo(Utf8JsonWriter writer, JsonSerializerOptions options)
   at System.Text.Json.Nodes.JsonObject.WriteTo(Utf8JsonWriter writer, JsonSerializerOptions options)
   at System.Text.Json.Nodes.JsonObject.WriteTo(Utf8JsonWriter writer, JsonSerializerOptions options)
   at System.Text.Json.Nodes.JsonObject.WriteTo(Utf8JsonWriter writer, JsonSerializerOptions options)
   at System.Text.Json.Nodes.JsonObject.WriteTo(Utf8JsonWriter writer, JsonSerializerOptions options)
   at System.Text.Json.Nodes.JsonObject.WriteTo(Utf8JsonWriter writer, JsonSerializerOptions options)
   at System.Text.Json.Nodes.JsonObject.WriteTo(Utf8JsonWriter writer, JsonSerializerOptions options)
   at System.Text.Json.Nodes.JsonObject.WriteTo(Utf8JsonWriter writer, JsonSerializerOptions options)
   at System.Text.Json.Nodes.JsonObject.WriteTo(Utf8JsonWriter writer, JsonSerializerOptions options)
   at System.Text.Json.Nodes.JsonObject.WriteTo(Utf8JsonWriter writer, JsonSerializerOptions options)
   at System.Text.Json.Nodes.JsonObject.WriteTo(Utf8JsonWriter writer, JsonSerializerOptions options)
   at System.Text.Json.Nodes.JsonObject.WriteTo(Utf8JsonWriter writer, JsonSerializerOptions options)
   at System.Text.Json.Nodes.JsonObject.WriteTo(Utf8JsonWriter writer, JsonSerializerOptions options)
   at System.Text.Json.Nodes.JsonObject.WriteTo(Utf8JsonWriter writer, JsonSerializerOptions options)
   at System.Text.Json.Nodes.JsonObject.WriteTo(Utf8JsonWriter writer, JsonSerializerOptions options)
   at System.Text.Json.Nodes.JsonObject.WriteTo(Utf8JsonWriter writer, JsonSerializerOptions options)
   at System.Text.Json.Nodes.JsonObject.WriteTo(Utf8JsonWriter writer, JsonSerializerOptions options)
   at System.Text.Json.Nodes.JsonObject.WriteTo(Utf8JsonWriter writer, JsonSerializerOptions options)
   at System.Text.Json.Nodes.JsonObject.WriteTo(Utf8JsonWriter writer, JsonSerializerOptions options)
   at System.Text.Json.Nodes.JsonObject.WriteTo(Utf8JsonWriter writer, JsonSerializerOptions options)
   at System.Text.Json.Nodes.JsonObject.WriteTo(Utf8JsonWriter writer, JsonSerializerOptions options)
   at System.Text.Json.Nodes.JsonObject.WriteTo(Utf8JsonWriter writer, JsonSerializerOptions options)
   at System.Text.Json.Nodes.JsonObject.WriteTo(Utf8JsonWriter writer, JsonSerializerOptions options)
   at System.Text.Json.Nodes.JsonObject.WriteTo(Utf8JsonWriter writer, JsonSerializerOptions options)
   at System.Text.Json.Nodes.JsonObject.WriteTo(Utf8JsonWriter writer, JsonSerializerOptions options)
   at System.Text.Json.Nodes.JsonObject.WriteTo(Utf8JsonWriter writer, JsonSerializerOptions options)
   at System.Text.Json.Nodes.JsonObject.WriteTo(Utf8JsonWriter writer, JsonSerializerOptions options)
   at System.Text.Json.Nodes.JsonObject.WriteTo(Utf8JsonWriter writer, JsonSerializerOptions options)
   at System.Text.Json.Nodes.JsonObject.WriteTo(Utf8JsonWriter writer, JsonSerializerOptions options)
   at System.Text.Json.Nodes.JsonObject.WriteTo(Utf8JsonWriter writer, JsonSerializerOptions options)
   at System.Text.Json.Nodes.JsonObject.WriteTo(Utf8JsonWriter writer, JsonSerializerOptions options)
   at System.Text.Json.Nodes.JsonObject.WriteTo(Utf8JsonWriter writer, JsonSerializerOptions options)
   at System.Text.Json.Nodes.JsonObject.WriteTo(Utf8JsonWriter writer, JsonSerializerOptions options)
   at System.Text.Json.Nodes.JsonObject.WriteTo(Utf8JsonWriter writer, JsonSerializerOptions options)
   at System.Text.Json.Nodes.JsonObject.WriteTo(Utf8JsonWriter writer, JsonSerializerOptions options)
   at System.Text.Json.Nodes.JsonObject.WriteTo(Utf8JsonWriter writer, JsonSerializerOptions options)
   at System.Text.Json.Nodes.JsonObject.WriteTo(Utf8JsonWriter writer, JsonSerializerOptions options)
   at System.Text.Json.Nodes.JsonObject.WriteTo(Utf8JsonWriter writer, JsonSerializerOptions options)
   at System.Text.Json.Nodes.JsonObject.WriteTo(Utf8JsonWriter writer, JsonSerializerOptions options)
   at System.Text.Json.Nodes.JsonObject.WriteTo(Utf8JsonWriter writer, JsonSerializerOptions options)
   at System.Text.Json.Nodes.JsonObject.WriteTo(Utf8JsonWriter writer, JsonSerializerOptions options)
   at System.Text.Json.Nodes.JsonObject.WriteTo(Utf8JsonWriter writer, JsonSerializerOptions options)
   at System.Text.Json.Nodes.JsonObject.WriteTo(Utf8JsonWriter writer, JsonSerializerOptions options)
   at System.Text.Json.Nodes.JsonObject.WriteTo(Utf8JsonWriter writer, JsonSerializerOptions options)
   at System.Text.Json.Nodes.JsonObject.WriteTo(Utf8JsonWriter writer, JsonSerializerOptions options)
   at System.Text.Json.Nodes.JsonObject.WriteTo(Utf8JsonWriter writer, JsonSerializerOptions options)
   at System.Text.Json.Nodes.JsonObject.WriteTo(Utf8JsonWriter writer, JsonSerializerOptions options)
   at System.Text.Json.Nodes.JsonObject.WriteTo(Utf8JsonWriter writer, JsonSerializerOptions options)
   at System.Text.Json.JsonSerializer.ReadFromNode[TValue](JsonNode node, JsonTypeInfo`1 jsonTypeInfo)
   at Microsoft.AspNetCore.OpenApi.OpenApiSchemaService.GetOrCreateUnresolvedSchemaAsync(OpenApiDocument document, Type type, IServiceProvider scopedServiceProvider, IOpenApiSchemaTransformer[] schemaTransformers, ApiParameterDescription parameterDescription, CancellationToken cancellationToken)
   at Microsoft.AspNetCore.OpenApi.OpenApiSchemaService.GetOrCreateSchemaAsync(OpenApiDocument document, Type type, IServiceProvider scopedServiceProvider, IOpenApiSchemaTransformer[] schemaTransformers, ApiParameterDescription parameterDescription, CancellationToken cancellationToken)
   at Microsoft.AspNetCore.OpenApi.OpenApiDocumentService.GetResponseAsync(OpenApiDocument document, ApiDescription apiDescription, Int32 statusCode, ApiResponseType apiResponseType, IServiceProvider scopedServiceProvider, IOpenApiSchemaTransformer[] schemaTransformers, CancellationToken cancellationToken)
   at Microsoft.AspNetCore.OpenApi.OpenApiDocumentService.GetResponsesAsync(OpenApiDocument document, ApiDescription description, IServiceProvider scopedServiceProvider, IOpenApiSchemaTransformer[] schemaTransformers, CancellationToken cancellationToken)
   at Microsoft.AspNetCore.OpenApi.OpenApiDocumentService.GetOperationAsync(ApiDescription description, OpenApiDocument document, IServiceProvider scopedServiceProvider, IOpenApiSchemaTransformer[] schemaTransformers, CancellationToken cancellationToken)
   at Microsoft.AspNetCore.OpenApi.OpenApiDocumentService.GetOperationsAsync(IGrouping`2 descriptions, OpenApiDocument document, IServiceProvider scopedServiceProvider, IOpenApiOperationTransformer[] operationTransformers, IOpenApiSchemaTransformer[] schemaTransformers, CancellationToken cancellationToken)
   at Microsoft.AspNetCore.OpenApi.OpenApiDocumentService.GetOpenApiPathsAsync(OpenApiDocument document, IServiceProvider scopedServiceProvider, IOpenApiOperationTransformer[] operationTransformers, IOpenApiSchemaTransformer[] schemaTransformers, CancellationToken cancellationToken)
   at Microsoft.AspNetCore.OpenApi.OpenApiDocumentService.GetOpenApiDocumentAsync(IServiceProvider scopedServiceProvider, HttpRequest httpRequest, CancellationToken cancellationToken)
   at Microsoft.AspNetCore.Builder.OpenApiEndpointRouteBuilderExtensions.<>c__DisplayClass0_0.<<MapOpenApi>b__0>d.MoveNext()
--- End of stack trace from previous location ---
   at Microsoft.AspNetCore.Http.Generated.<GeneratedRouteBuilderExtensions_g>F0399B8B15BE443123F4BECEE84B112C1912EE3F44D9DDD7BFA38E371FB917343__GeneratedRouteBuilderExtensionsCore.<>c__DisplayClass2_0.<<MapGet0>g__RequestHandler|5>d.MoveNext()
--- End of stack trace from previous location ---
   at Microsoft.AspNetCore.Routing.EndpointMiddleware.<Invoke>g__AwaitRequestTask|7_0(Endpoint endpoint, Task requestTask, ILogger logger)
   at Microsoft.AspNetCore.Authorization.AuthorizationMiddleware.Invoke(HttpContext context)
   at LMS.Api.Security.UserProvisioningMiddleware.InvokeAsync(HttpContext context, LmsDbContext dbContext, IConfiguration configuration) in C:\Work\LMS\LMS-API\LMS.Api\Security\UserProvisioningMiddleware.cs:line 141
   at LMS.Api.Security.ApiReplayPreventionMiddleware.InvokeAsync(HttpContext context) in C:\Work\LMS\LMS-API\LMS.Api\Security\ApiReplayPreventionMiddleware.cs:line 19
   at Microsoft.AspNetCore.Authentication.AuthenticationMiddleware.Invoke(HttpContext context)
   at Microsoft.AspNetCore.Diagnostics.StatusCodePagesMiddleware.Invoke(HttpContext context)
   at Microsoft.AspNetCore.Diagnostics.ExceptionHandlerMiddlewareImpl.<Invoke>g__Awaited|10_0(ExceptionHandlerMiddlewareImpl middleware, HttpContext context, Task task)
2026-04-22 15:26:37.803 +01:00 [INF] Request finished HTTP/1.1 GET http://localhost:5021/openapi/v1.json - 500 null application/json; charset=utf-8 1673.3527ms
2026-04-22 15:27:12.891 +01:00 [INF] Request starting HTTP/1.1 GET http://localhost:5021/api/admissions/document-types - null null
2026-04-22 15:27:12.893 +01:00 [INF] Request starting HTTP/1.1 GET http://localhost:5021/api/admissions/sessions - null null
2026-04-22 15:27:12.894 +01:00 [INF] Request starting HTTP/1.1 GET http://localhost:5021/api/admissions/faculties - null null
2026-04-22 15:27:12.894 +01:00 [INF] Request starting HTTP/1.1 GET http://localhost:5021/api/admissions/sponsors - null null
2026-04-22 15:27:12.894 +01:00 [INF] Request starting HTTP/1.1 GET http://localhost:5021/api/admissions/subjects - null null
2026-04-22 15:27:12.895 +01:00 [INF] Request starting HTTP/1.1 GET http://localhost:5021/api/admissions/faculties - null null
2026-04-22 15:27:12.895 +01:00 [INF] Executing endpoint 'HTTP: GET /api/admissions/document-types'
2026-04-22 15:27:12.900 +01:00 [INF] Executing endpoint 'HTTP: GET /api/admissions/faculties'
2026-04-22 15:27:12.901 +01:00 [INF] Executing endpoint 'HTTP: GET /api/admissions/subjects'
2026-04-22 15:27:12.901 +01:00 [INF] Executing endpoint 'HTTP: GET /api/admissions/sponsors'
2026-04-22 15:27:12.901 +01:00 [INF] Executing endpoint 'HTTP: GET /api/admissions/faculties'
2026-04-22 15:27:12.901 +01:00 [INF] Executing endpoint 'HTTP: GET /api/admissions/sessions'
2026-04-22 15:27:12.902 +01:00 [INF] Initializing Entra ID Service with TenantId: c9a98a3d-152f-4eb3-b93f-9b26fdd08495, ClientId: 67618b43-bfd0-483c-9750-bd5703101cbf, Domain: wigweuniversity.onmicrosoft.com
2026-04-22 15:27:12.902 +01:00 [INF] Initializing Entra ID Service with TenantId: c9a98a3d-152f-4eb3-b93f-9b26fdd08495, ClientId: 67618b43-bfd0-483c-9750-bd5703101cbf, Domain: wigweuniversity.onmicrosoft.com
2026-04-22 15:27:12.902 +01:00 [INF] Initializing Entra ID Service with TenantId: c9a98a3d-152f-4eb3-b93f-9b26fdd08495, ClientId: 67618b43-bfd0-483c-9750-bd5703101cbf, Domain: wigweuniversity.onmicrosoft.com
2026-04-22 15:27:12.902 +01:00 [INF] Initializing Entra ID Service with TenantId: c9a98a3d-152f-4eb3-b93f-9b26fdd08495, ClientId: 67618b43-bfd0-483c-9750-bd5703101cbf, Domain: wigweuniversity.onmicrosoft.com
2026-04-22 15:27:12.902 +01:00 [INF] Initializing Entra ID Service with TenantId: c9a98a3d-152f-4eb3-b93f-9b26fdd08495, ClientId: 67618b43-bfd0-483c-9750-bd5703101cbf, Domain: wigweuniversity.onmicrosoft.com
2026-04-22 15:27:12.904 +01:00 [INF] Entra ID Service initialized successfully
2026-04-22 15:27:12.904 +01:00 [INF] Entra ID Service initialized successfully
2026-04-22 15:27:12.904 +01:00 [INF] Entra ID Service initialized successfully
2026-04-22 15:27:12.904 +01:00 [INF] Entra ID Service initialized successfully
2026-04-22 15:27:12.904 +01:00 [INF] Entra ID Service initialized successfully
2026-04-22 15:27:13.069 +01:00 [INF] Executed DbCommand (5ms) [Parameters=[], CommandType='"Text"', CommandTimeout='30']
SELECT [f].[Id], [f].[CreatedDate], [f].[Label], [f].[Name], [f].[UpdatedDate]
FROM [Faculties] AS [f]
ORDER BY [f].[Name]
2026-04-22 15:27:13.095 +01:00 [INF] Executed endpoint 'HTTP: GET /api/admissions/faculties'
2026-04-22 15:27:13.099 +01:00 [INF] Request finished HTTP/1.1 GET http://localhost:5021/api/admissions/faculties - 200 null application/json; charset=utf-8 204.0153ms
2026-04-22 15:27:13.105 +01:00 [INF] Executed DbCommand (15ms) [Parameters=[@category_Value='?' (Size = 20)], CommandType='"Text"', CommandTimeout='30']
SELECT [d].[Id], [d].[Category], [d].[Code], [d].[DefaultAccessRules], [d].[Description], [d].[IsActive], [d].[IsCompulsory], [d].[Name]
FROM [DocumentTypes] AS [d]
WHERE [d].[IsActive] = CAST(1 AS bit) AND [d].[Category] = @category_Value
2026-04-22 15:27:13.107 +01:00 [INF] Request starting HTTP/1.1 GET http://localhost:5021/api/admissions/programs/8b50c237-ae89-4b9e-8f6e-b5d863916baf - null null
2026-04-22 15:27:13.107 +01:00 [INF] Request starting HTTP/1.1 GET http://localhost:5021/api/admissions/programs/a3925845-de5d-4bb3-8a65-f218129e7977 - null null
2026-04-22 15:27:13.108 +01:00 [INF] Request starting HTTP/1.1 GET http://localhost:5021/api/admissions/programs/d642b128-b015-45d5-9d32-8835318c24ba - null null
2026-04-22 15:27:13.108 +01:00 [INF] Executing endpoint 'HTTP: GET /api/admissions/programs/{FacultyId}'
2026-04-22 15:27:13.108 +01:00 [INF] Executing endpoint 'HTTP: GET /api/admissions/programs/{FacultyId}'
2026-04-22 15:27:13.108 +01:00 [INF] Executing endpoint 'HTTP: GET /api/admissions/programs/{FacultyId}'
2026-04-22 15:27:13.108 +01:00 [INF] Request starting HTTP/1.1 GET http://localhost:5021/api/admissions/programs/a87d101b-1f10-4a51-867a-13114ac92311 - null null
2026-04-22 15:27:13.108 +01:00 [INF] Initializing Entra ID Service with TenantId: c9a98a3d-152f-4eb3-b93f-9b26fdd08495, ClientId: 67618b43-bfd0-483c-9750-bd5703101cbf, Domain: wigweuniversity.onmicrosoft.com
2026-04-22 15:27:13.108 +01:00 [INF] Initializing Entra ID Service with TenantId: c9a98a3d-152f-4eb3-b93f-9b26fdd08495, ClientId: 67618b43-bfd0-483c-9750-bd5703101cbf, Domain: wigweuniversity.onmicrosoft.com
2026-04-22 15:27:13.109 +01:00 [INF] Initializing Entra ID Service with TenantId: c9a98a3d-152f-4eb3-b93f-9b26fdd08495, ClientId: 67618b43-bfd0-483c-9750-bd5703101cbf, Domain: wigweuniversity.onmicrosoft.com
2026-04-22 15:27:13.109 +01:00 [INF] Executing endpoint 'HTTP: GET /api/admissions/programs/{FacultyId}'
2026-04-22 15:27:13.109 +01:00 [INF] Initializing Entra ID Service with TenantId: c9a98a3d-152f-4eb3-b93f-9b26fdd08495, ClientId: 67618b43-bfd0-483c-9750-bd5703101cbf, Domain: wigweuniversity.onmicrosoft.com
2026-04-22 15:27:13.109 +01:00 [INF] Entra ID Service initialized successfully
2026-04-22 15:27:13.109 +01:00 [INF] Entra ID Service initialized successfully
2026-04-22 15:27:13.109 +01:00 [INF] Entra ID Service initialized successfully
2026-04-22 15:27:13.109 +01:00 [INF] Entra ID Service initialized successfully
2026-04-22 15:27:13.149 +01:00 [INF] Executed endpoint 'HTTP: GET /api/admissions/document-types'
2026-04-22 15:27:13.149 +01:00 [INF] Request finished HTTP/1.1 GET http://localhost:5021/api/admissions/document-types - 200 null application/json; charset=utf-8 257.8192ms
2026-04-22 15:27:13.190 +01:00 [INF] Executed DbCommand (16ms) [Parameters=[@facultyId='?' (DbType = Guid)], CommandType='"Text"', CommandTimeout='30']
SELECT [p].[Id], [p].[Code], [p].[DegreeAwarded], [p].[DepartmentId], [p].[Description], [p].[DurationYears], [p].[FacultyId], [p].[IsActive], [p].[MaxAdmissions], [p].[MinJambScore], [p].[Name], [p].[RequiredJambSubjectsJson], [p].[RequiredOLevelSubjectsJson], [p].[Type]
FROM [Programs] AS [p]
WHERE [p].[FacultyId] = @facultyId
ORDER BY [p].[Name]
2026-04-22 15:27:13.198 +01:00 [INF] Executed endpoint 'HTTP: GET /api/admissions/programs/{FacultyId}'
2026-04-22 15:27:13.198 +01:00 [INF] Request finished HTTP/1.1 GET http://localhost:5021/api/admissions/programs/8b50c237-ae89-4b9e-8f6e-b5d863916baf - 200 null application/json; charset=utf-8 90.8918ms
2026-04-22 15:27:13.498 +01:00 [INF] Executed DbCommand (1ms) [Parameters=[], CommandType='"Text"', CommandTimeout='30']
SELECT [f].[Id], [f].[CreatedDate], [f].[Label], [f].[Name], [f].[UpdatedDate]
FROM [Faculties] AS [f]
ORDER BY [f].[Name]
2026-04-22 15:27:13.499 +01:00 [INF] Executed endpoint 'HTTP: GET /api/admissions/faculties'
2026-04-22 15:27:13.499 +01:00 [INF] Request finished HTTP/1.1 GET http://localhost:5021/api/admissions/faculties - 200 null application/json; charset=utf-8 605.711ms
2026-04-22 15:27:13.507 +01:00 [INF] Executed DbCommand (9ms) [Parameters=[], CommandType='"Text"', CommandTimeout='30']
SELECT [s].[Id], [s].[IsActive], [s].[Name]
FROM [Subjects] AS [s]
WHERE [s].[IsActive] = CAST(1 AS bit)
ORDER BY [s].[Name]
2026-04-22 15:27:13.511 +01:00 [INF] Executed endpoint 'HTTP: GET /api/admissions/subjects'
2026-04-22 15:27:13.511 +01:00 [INF] Request finished HTTP/1.1 GET http://localhost:5021/api/admissions/subjects - 200 null application/json; charset=utf-8 617.3783ms
2026-04-22 15:27:13.878 +01:00 [INF] Executed DbCommand (3ms) [Parameters=[@facultyId='?' (DbType = Guid)], CommandType='"Text"', CommandTimeout='30']
SELECT [p].[Id], [p].[Code], [p].[DegreeAwarded], [p].[DepartmentId], [p].[Description], [p].[DurationYears], [p].[FacultyId], [p].[IsActive], [p].[MaxAdmissions], [p].[MinJambScore], [p].[Name], [p].[RequiredJambSubjectsJson], [p].[RequiredOLevelSubjectsJson], [p].[Type]
FROM [Programs] AS [p]
WHERE [p].[FacultyId] = @facultyId
ORDER BY [p].[Name]
2026-04-22 15:27:13.878 +01:00 [INF] Executed endpoint 'HTTP: GET /api/admissions/programs/{FacultyId}'
2026-04-22 15:27:13.879 +01:00 [INF] Request finished HTTP/1.1 GET http://localhost:5021/api/admissions/programs/d642b128-b015-45d5-9d32-8835318c24ba - 200 null application/json; charset=utf-8 770.8979ms
2026-04-22 15:27:13.881 +01:00 [INF] Executed DbCommand (6ms) [Parameters=[], CommandType='"Text"', CommandTimeout='30']
SELECT [s].[Id], [s].[Code], [s].[IsActive], [s].[Name]
FROM [SponsorOrganizations] AS [s]
WHERE [s].[IsActive] = CAST(1 AS bit)
ORDER BY [s].[Name]
2026-04-22 15:27:13.885 +01:00 [INF] Executed DbCommand (10ms) [Parameters=[], CommandType='"Text"', CommandTimeout='30']
SELECT [a].[Id], [a].[EndDate], [a].[IsActive], [a].[IsAdmissionOpen], [a].[Name], [a].[StartDate]
FROM [AcademicSessions] AS [a]
WHERE [a].[IsActive] = CAST(1 AS bit) OR [a].[IsAdmissionOpen] = CAST(1 AS bit)
ORDER BY [a].[StartDate] DESC
2026-04-22 15:27:13.888 +01:00 [INF] Executed endpoint 'HTTP: GET /api/admissions/sponsors'
2026-04-22 15:27:13.888 +01:00 [INF] Request finished HTTP/1.1 GET http://localhost:5021/api/admissions/sponsors - 200 null application/json; charset=utf-8 994.0651ms
2026-04-22 15:27:13.894 +01:00 [INF] Executed endpoint 'HTTP: GET /api/admissions/sessions'
2026-04-22 15:27:13.894 +01:00 [INF] Request finished HTTP/1.1 GET http://localhost:5021/api/admissions/sessions - 200 null application/json; charset=utf-8 1001.2779ms
2026-04-22 15:27:14.190 +01:00 [INF] Executed DbCommand (10ms) [Parameters=[@facultyId='?' (DbType = Guid)], CommandType='"Text"', CommandTimeout='30']
SELECT [p].[Id], [p].[Code], [p].[DegreeAwarded], [p].[DepartmentId], [p].[Description], [p].[DurationYears], [p].[FacultyId], [p].[IsActive], [p].[MaxAdmissions], [p].[MinJambScore], [p].[Name], [p].[RequiredJambSubjectsJson], [p].[RequiredOLevelSubjectsJson], [p].[Type]
FROM [Programs] AS [p]
WHERE [p].[FacultyId] = @facultyId
ORDER BY [p].[Name]
2026-04-22 15:27:14.190 +01:00 [INF] Executed endpoint 'HTTP: GET /api/admissions/programs/{FacultyId}'
2026-04-22 15:27:14.191 +01:00 [INF] Request finished HTTP/1.1 GET http://localhost:5021/api/admissions/programs/a3925845-de5d-4bb3-8a65-f218129e7977 - 200 null application/json; charset=utf-8 1083.069ms
2026-04-22 15:27:14.194 +01:00 [INF] Executed DbCommand (14ms) [Parameters=[@facultyId='?' (DbType = Guid)], CommandType='"Text"', CommandTimeout='30']
SELECT [p].[Id], [p].[Code], [p].[DegreeAwarded], [p].[DepartmentId], [p].[Description], [p].[DurationYears], [p].[FacultyId], [p].[IsActive], [p].[MaxAdmissions], [p].[MinJambScore], [p].[Name], [p].[RequiredJambSubjectsJson], [p].[RequiredOLevelSubjectsJson], [p].[Type]
FROM [Programs] AS [p]
WHERE [p].[FacultyId] = @facultyId
ORDER BY [p].[Name]
2026-04-22 15:27:14.198 +01:00 [INF] Executed endpoint 'HTTP: GET /api/admissions/programs/{FacultyId}'
2026-04-22 15:27:14.199 +01:00 [INF] Request finished HTTP/1.1 GET http://localhost:5021/api/admissions/programs/a87d101b-1f10-4a51-867a-13114ac92311 - 200 null application/json; charset=utf-8 1090.4433ms
2026-04-22 15:27:20.723 +01:00 [INF] Request starting HTTP/1.1 OPTIONS http://localhost:5021/api/admissions/identify - null null
2026-04-22 15:27:20.723 +01:00 [INF] CORS policy execution successful.
2026-04-22 15:27:20.724 +01:00 [INF] Request finished HTTP/1.1 OPTIONS http://localhost:5021/api/admissions/identify - 204 null null 1.54ms
2026-04-22 15:27:20.727 +01:00 [INF] Request starting HTTP/1.1 POST http://localhost:5021/api/admissions/identify - application/json 65
2026-04-22 15:27:20.727 +01:00 [INF] CORS policy execution successful.
2026-04-22 15:27:20.728 +01:00 [INF] Executing endpoint 'HTTP: POST /api/admissions/identify'
2026-04-22 15:27:20.728 +01:00 [INF] Initializing Entra ID Service with TenantId: c9a98a3d-152f-4eb3-b93f-9b26fdd08495, ClientId: 67618b43-bfd0-483c-9750-bd5703101cbf, Domain: wigweuniversity.onmicrosoft.com
2026-04-22 15:27:20.728 +01:00 [INF] Entra ID Service initialized successfully
2026-04-22 15:27:21.041 +01:00 [INF] Executed DbCommand (67ms) [Parameters=[@email='?' (Size = 256), @jambRegNumber='?' (Size = 20)], CommandType='"Text"', CommandTimeout='30']
SELECT [s].[Id], [s].[AcademicProgramId], [s].[AcademicSessionId], [s].[ApplicationNumber], [s].[CreatedAt], [s].[EmergencyContactJson], [s].[FacultyId], [s].[JambRegNumber], [s].[Persona], [s].[Phone], [s].[ProgramReason], [s].[QualificationsJson], [s].[SponsorshipJson], [s].[Status], [s].[StudentEmail], [s].[StudentName], [s].[SubmittedAt], [s].[UpdatedAt], [s].[Id0], [s].[EndDate], [s].[IsActive], [s].[IsAdmissionOpen], [s].[Name], [s].[StartDate], [s].[Id1], [s].[CreatedDate], [s].[Label], [s].[Name0], [s].[UpdatedDate], [s].[Id2], [s].[Code], [s].[DegreeAwarded], [s].[DepartmentId], [s].[Description], [s].[DurationYears], [s].[FacultyId0], [s].[IsActive0], [s].[MaxAdmissions], [s].[MinJambScore], [s].[Name1], [s].[RequiredJambSubjectsJson], [s].[RequiredOLevelSubjectsJson], [s].[Type], [s0].[AdmissionApplicationId], [s0].[DocumentsId], [s0].[Id], [s0].[AccessMetadata], [s0].[DocumentTypeId], [s0].[FacultyId], [s0].[FileName], [s0].[FileSize], [s0].[FileType], [s0].[FileUrl], [s0].[OwnerId], [s0].[RejectionReason], [s0].[Status], [s0].[UploadedAt], [s0].[Id0], [s0].[Category], [s0].[Code], [s0].[DefaultAccessRules], [s0].[Description], [s0].[IsActive], [s0].[IsCompulsory], [s0].[Name]
FROM (
    SELECT TOP(1) [a].[Id], [a].[AcademicProgramId], [a].[AcademicSessionId], [a].[ApplicationNumber], [a].[CreatedAt], [a].[EmergencyContactJson], [a].[FacultyId], [a].[JambRegNumber], [a].[Persona], [a].[Phone], [a].[ProgramReason], [a].[QualificationsJson], [a].[SponsorshipJson], [a].[Status], [a].[StudentEmail], [a].[StudentName], [a].[SubmittedAt], [a].[UpdatedAt], [a0].[Id] AS [Id0], [a0].[EndDate], [a0].[IsActive], [a0].[IsAdmissionOpen], [a0].[Name], [a0].[StartDate], [f].[Id] AS [Id1], [f].[CreatedDate], [f].[Label], [f].[Name] AS [Name0], [f].[UpdatedDate], [p].[Id] AS [Id2], [p].[Code], [p].[DegreeAwarded], [p].[DepartmentId], [p].[Description], [p].[DurationYears], [p].[FacultyId] AS [FacultyId0], [p].[IsActive] AS [IsActive0], [p].[MaxAdmissions], [p].[MinJambScore], [p].[Name] AS [Name1], [p].[RequiredJambSubjectsJson], [p].[RequiredOLevelSubjectsJson], [p].[Type]
    FROM [AdmissionApplications] AS [a]
    INNER JOIN [AcademicSessions] AS [a0] ON [a].[AcademicSessionId] = [a0].[Id]
    LEFT JOIN [Faculties] AS [f] ON [a].[FacultyId] = [f].[Id]
    LEFT JOIN [Programs] AS [p] ON [a].[AcademicProgramId] = [p].[Id]
    WHERE [a].[StudentEmail] = @email OR [a].[JambRegNumber] = @jambRegNumber
    ORDER BY [a].[CreatedAt] DESC
) AS [s]
LEFT JOIN (
    SELECT [a1].[AdmissionApplicationId], [a1].[DocumentsId], [d].[Id], [d].[AccessMetadata], [d].[DocumentTypeId], [d].[FacultyId], [d].[FileName], [d].[FileSize], [d].[FileType], [d].[FileUrl], [d].[OwnerId], [d].[RejectionReason], [d].[Status], [d].[UploadedAt], [d0].[Id] AS [Id0], [d0].[Category], [d0].[Code], [d0].[DefaultAccessRules], [d0].[Description], [d0].[IsActive], [d0].[IsCompulsory], [d0].[Name]
    FROM [AdmissionApplicationDocuments] AS [a1]
    INNER JOIN [DocumentRecords] AS [d] ON [a1].[DocumentsId] = [d].[Id]
    INNER JOIN [DocumentTypes] AS [d0] ON [d].[DocumentTypeId] = [d0].[Id]
) AS [s0] ON [s].[Id] = [s0].[AdmissionApplicationId]
ORDER BY [s].[CreatedAt] DESC, [s].[Id], [s].[Id0], [s].[Id1], [s].[Id2], [s0].[AdmissionApplicationId], [s0].[DocumentsId], [s0].[Id]
2026-04-22 15:27:21.055 +01:00 [INF] Executed endpoint 'HTTP: POST /api/admissions/identify'
2026-04-22 15:27:21.056 +01:00 [INF] Request finished HTTP/1.1 POST http://localhost:5021/api/admissions/identify - 200 null application/json; charset=utf-8 329.0167ms
2026-04-22 15:27:25.751 +01:00 [INF] Request starting HTTP/1.1 OPTIONS http://localhost:5021/api/admissions/save - null null
2026-04-22 15:27:25.752 +01:00 [INF] CORS policy execution successful.
2026-04-22 15:27:25.752 +01:00 [INF] Request finished HTTP/1.1 OPTIONS http://localhost:5021/api/admissions/save - 204 null null 0.4352ms
2026-04-22 15:27:25.753 +01:00 [INF] Request starting HTTP/1.1 POST http://localhost:5021/api/admissions/save - application/json 617
2026-04-22 15:27:25.753 +01:00 [INF] CORS policy execution successful.
2026-04-22 15:27:25.754 +01:00 [INF] Executing endpoint 'HTTP: POST /api/admissions/save'
2026-04-22 15:27:25.754 +01:00 [INF] Initializing Entra ID Service with TenantId: c9a98a3d-152f-4eb3-b93f-9b26fdd08495, ClientId: 67618b43-bfd0-483c-9750-bd5703101cbf, Domain: wigweuniversity.onmicrosoft.com
2026-04-22 15:27:25.754 +01:00 [INF] Entra ID Service initialized successfully
2026-04-22 15:27:25.782 +01:00 [INF] Executed endpoint 'HTTP: POST /api/admissions/save'
2026-04-22 15:27:25.782 +01:00 [INF] Request finished HTTP/1.1 POST http://localhost:5021/api/admissions/save - 400 null application/problem+json; charset=utf-8 29.1592ms
2026-04-22 15:27:29.714 +01:00 [INF] Request starting HTTP/1.1 GET http://localhost:5021/api/admissions/programs/d642b128-b015-45d5-9d32-8835318c24ba - null null
2026-04-22 15:27:29.714 +01:00 [INF] CORS policy execution successful.
2026-04-22 15:27:29.715 +01:00 [INF] Executing endpoint 'HTTP: GET /api/admissions/programs/{FacultyId}'
2026-04-22 15:27:29.715 +01:00 [INF] Initializing Entra ID Service with TenantId: c9a98a3d-152f-4eb3-b93f-9b26fdd08495, ClientId: 67618b43-bfd0-483c-9750-bd5703101cbf, Domain: wigweuniversity.onmicrosoft.com
2026-04-22 15:27:29.716 +01:00 [INF] Entra ID Service initialized successfully
2026-04-22 15:27:29.722 +01:00 [INF] Executed DbCommand (5ms) [Parameters=[@facultyId='?' (DbType = Guid)], CommandType='"Text"', CommandTimeout='30']
SELECT [p].[Id], [p].[Code], [p].[DegreeAwarded], [p].[DepartmentId], [p].[Description], [p].[DurationYears], [p].[FacultyId], [p].[IsActive], [p].[MaxAdmissions], [p].[MinJambScore], [p].[Name], [p].[RequiredJambSubjectsJson], [p].[RequiredOLevelSubjectsJson], [p].[Type]
FROM [Programs] AS [p]
WHERE [p].[FacultyId] = @facultyId
ORDER BY [p].[Name]
2026-04-22 15:27:29.723 +01:00 [INF] Executed endpoint 'HTTP: GET /api/admissions/programs/{FacultyId}'
2026-04-22 15:27:29.723 +01:00 [INF] Request finished HTTP/1.1 GET http://localhost:5021/api/admissions/programs/d642b128-b015-45d5-9d32-8835318c24ba - 200 null application/json; charset=utf-8 9.155ms
2026-04-22 15:27:32.579 +01:00 [INF] Request starting HTTP/1.1 GET http://localhost:5021/api/admissions/programs/a87d101b-1f10-4a51-867a-13114ac92311 - null null
2026-04-22 15:27:32.579 +01:00 [INF] CORS policy execution successful.
2026-04-22 15:27:32.580 +01:00 [INF] Executing endpoint 'HTTP: GET /api/admissions/programs/{FacultyId}'
2026-04-22 15:27:32.580 +01:00 [INF] Initializing Entra ID Service with TenantId: c9a98a3d-152f-4eb3-b93f-9b26fdd08495, ClientId: 67618b43-bfd0-483c-9750-bd5703101cbf, Domain: wigweuniversity.onmicrosoft.com
2026-04-22 15:27:32.580 +01:00 [INF] Entra ID Service initialized successfully
2026-04-22 15:27:32.583 +01:00 [INF] Executed DbCommand (1ms) [Parameters=[@facultyId='?' (DbType = Guid)], CommandType='"Text"', CommandTimeout='30']
SELECT [p].[Id], [p].[Code], [p].[DegreeAwarded], [p].[DepartmentId], [p].[Description], [p].[DurationYears], [p].[FacultyId], [p].[IsActive], [p].[MaxAdmissions], [p].[MinJambScore], [p].[Name], [p].[RequiredJambSubjectsJson], [p].[RequiredOLevelSubjectsJson], [p].[Type]
FROM [Programs] AS [p]
WHERE [p].[FacultyId] = @facultyId
ORDER BY [p].[Name]
2026-04-22 15:27:32.583 +01:00 [INF] Executed endpoint 'HTTP: GET /api/admissions/programs/{FacultyId}'
2026-04-22 15:27:32.583 +01:00 [INF] Request finished HTTP/1.1 GET http://localhost:5021/api/admissions/programs/a87d101b-1f10-4a51-867a-13114ac92311 - 200 null application/json; charset=utf-8 4.7063ms
2026-04-22 15:29:29.834 +01:00 [INF] Application is shutting down...
