2026-04-02 22:06:42.143 +01:00 [INF] Executed DbCommand (34ms) [Parameters=[], CommandType='"Text"', CommandTimeout='30']
SELECT 1
2026-04-02 22:06:42.264 +01:00 [INF] Acquiring an exclusive lock for migration application. See https://aka.ms/efcore-docs-migrations-lock for more information if this takes too long.
2026-04-02 22:06:42.363 +01:00 [INF] Executed DbCommand (89ms) [Parameters=[], CommandType='"Text"', CommandTimeout='30']
DECLARE @result int;
EXEC @result = sp_getapplock @Resource = '__EFMigrationsLock', @LockOwner = 'Session', @LockMode = 'Exclusive';
SELECT @result
2026-04-02 22:06:42.534 +01:00 [INF] Executed DbCommand (11ms) [Parameters=[], CommandType='"Text"', CommandTimeout='30']
IF OBJECT_ID(N'[__EFMigrationsHistory]') IS NULL
BEGIN
    CREATE TABLE [__EFMigrationsHistory] (
        [MigrationId] nvarchar(150) NOT NULL,
        [ProductVersion] nvarchar(32) NOT NULL,
        CONSTRAINT [PK___EFMigrationsHistory] PRIMARY KEY ([MigrationId])
    );
END;
2026-04-02 22:06:42.563 +01:00 [INF] Executed DbCommand (1ms) [Parameters=[], CommandType='"Text"', CommandTimeout='30']
SELECT 1
2026-04-02 22:06:42.581 +01:00 [INF] Executed DbCommand (1ms) [Parameters=[], CommandType='"Text"', CommandTimeout='30']
SELECT OBJECT_ID(N'[__EFMigrationsHistory]');
2026-04-02 22:06:42.619 +01:00 [INF] Executed DbCommand (21ms) [Parameters=[], CommandType='"Text"', CommandTimeout='30']
SELECT [MigrationId], [ProductVersion]
FROM [__EFMigrationsHistory]
ORDER BY [MigrationId];
2026-04-02 22:06:42.645 +01:00 [INF] No migrations were applied. The database is already up to date.
2026-04-02 22:06:42.667 +01:00 [INF] Executed DbCommand (15ms) [Parameters=[], CommandType='"Text"', CommandTimeout='30']
DECLARE @result int;
EXEC @result = sp_releaseapplock @Resource = '__EFMigrationsLock', @LockOwner = 'Session';
SELECT @result
2026-04-02 22:23:18.093 +01:00 [INF] Executed DbCommand (130ms) [Parameters=[], CommandType='"Text"', CommandTimeout='30']
SELECT 1
2026-04-02 22:23:18.447 +01:00 [INF] Acquiring an exclusive lock for migration application. See https://aka.ms/efcore-docs-migrations-lock for more information if this takes too long.
2026-04-02 22:23:18.684 +01:00 [INF] Executed DbCommand (186ms) [Parameters=[], CommandType='"Text"', CommandTimeout='30']
DECLARE @result int;
EXEC @result = sp_getapplock @Resource = '__EFMigrationsLock', @LockOwner = 'Session', @LockMode = 'Exclusive';
SELECT @result
2026-04-02 22:23:19.049 +01:00 [INF] Executed DbCommand (22ms) [Parameters=[], CommandType='"Text"', CommandTimeout='30']
IF OBJECT_ID(N'[__EFMigrationsHistory]') IS NULL
BEGIN
    CREATE TABLE [__EFMigrationsHistory] (
        [MigrationId] nvarchar(150) NOT NULL,
        [ProductVersion] nvarchar(32) NOT NULL,
        CONSTRAINT [PK___EFMigrationsHistory] PRIMARY KEY ([MigrationId])
    );
END;
2026-04-02 22:23:19.137 +01:00 [INF] Executed DbCommand (2ms) [Parameters=[], CommandType='"Text"', CommandTimeout='30']
SELECT 1
2026-04-02 22:23:19.145 +01:00 [INF] Executed DbCommand (3ms) [Parameters=[], CommandType='"Text"', CommandTimeout='30']
SELECT OBJECT_ID(N'[__EFMigrationsHistory]');
2026-04-02 22:23:19.187 +01:00 [INF] Executed DbCommand (24ms) [Parameters=[], CommandType='"Text"', CommandTimeout='30']
SELECT [MigrationId], [ProductVersion]
FROM [__EFMigrationsHistory]
ORDER BY [MigrationId];
2026-04-02 22:23:19.243 +01:00 [INF] No migrations were applied. The database is already up to date.
2026-04-02 22:23:19.266 +01:00 [INF] Executed DbCommand (16ms) [Parameters=[], CommandType='"Text"', CommandTimeout='30']
DECLARE @result int;
EXEC @result = sp_releaseapplock @Resource = '__EFMigrationsLock', @LockOwner = 'Session';
SELECT @result
2026-04-02 22:23:20.318 +01:00 [INF] Executed DbCommand (8ms) [Parameters=[], CommandType='"Text"', CommandTimeout='30']
SELECT [r].[Name]
FROM [Roles] AS [r]
2026-04-02 22:23:20.425 +01:00 [INF] Executed DbCommand (6ms) [Parameters=[], CommandType='"Text"', CommandTimeout='30']
SELECT [p].[Code]
FROM [Permissions] AS [p]
2026-04-02 22:23:20.630 +01:00 [INF] Executed DbCommand (5ms) [Parameters=[], CommandType='"Text"', CommandTimeout='30']
SELECT [r].[Id], [r].[Description], [r].[Name]
FROM [Roles] AS [r]
2026-04-02 22:23:20.682 +01:00 [INF] Executed DbCommand (5ms) [Parameters=[], CommandType='"Text"', CommandTimeout='30']
SELECT [p].[Id], [p].[Code], [p].[Description]
FROM [Permissions] AS [p]
2026-04-02 22:23:20.759 +01:00 [INF] Executed DbCommand (7ms) [Parameters=[], CommandType='"Text"', CommandTimeout='30']
SELECT [r].[RoleId], [r].[PermissionId]
FROM [RolePermissions] AS [r]
2026-04-02 22:23:21.029 +01:00 [INF] Executed DbCommand (74ms) [Parameters=[@adminRole_Id='?' (DbType = Guid), @accessManagePermission_Id='?' (DbType = Guid)], CommandType='"Text"', CommandTimeout='30']
SELECT TOP(1) [r].[RoleId], [r].[PermissionId], [r].[AssignedUtc]
FROM [RolePermissions] AS [r]
WHERE [r].[RoleId] = @adminRole_Id AND [r].[PermissionId] = @accessManagePermission_Id
2026-04-02 22:23:21.160 +01:00 [INF] Executed DbCommand (11ms) [Parameters=[], CommandType='"Text"', CommandTimeout='30']
SELECT CASE
    WHEN EXISTS (
        SELECT 1
        FROM [AcademicSessions] AS [a]) THEN CAST(1 AS bit)
    ELSE CAST(0 AS bit)
END
2026-04-02 22:23:21.177 +01:00 [INF] Sessions already seeded. Skipping.
2026-04-02 22:23:21.233 +01:00 [INF] Executed DbCommand (13ms) [Parameters=[], CommandType='"Text"', CommandTimeout='30']
SELECT CASE
    WHEN EXISTS (
        SELECT 1
        FROM [Faculties] AS [f]) THEN CAST(1 AS bit)
    ELSE CAST(0 AS bit)
END
2026-04-02 22:23:21.234 +01:00 [INF] Faculties already seeded. Skipping.
2026-04-02 22:23:21.296 +01:00 [INF] Executed DbCommand (12ms) [Parameters=[], CommandType='"Text"', CommandTimeout='30']
SELECT CASE
    WHEN EXISTS (
        SELECT 1
        FROM [Programs] AS [p]) THEN CAST(1 AS bit)
    ELSE CAST(0 AS bit)
END
2026-04-02 22:23:21.298 +01:00 [INF] Programs already seeded. Skipping.
2026-04-02 22:23:21.351 +01:00 [INF] Executed DbCommand (5ms) [Parameters=[], CommandType='"Text"', CommandTimeout='30']
SELECT TOP(1) [r].[Id], [r].[Description], [r].[Name]
FROM [Roles] AS [r]
WHERE [r].[Name] = N'Lecturer'
2026-04-02 22:23:21.617 +01:00 [INF] Executed DbCommand (20ms) [Parameters=[@l_Email='?' (Size = 256)], CommandType='"Text"', CommandTimeout='30']
SELECT CASE
    WHEN EXISTS (
        SELECT 1
        FROM [Users] AS [u]
        WHERE [u].[Email] = @l_Email) THEN CAST(1 AS bit)
    ELSE CAST(0 AS bit)
END
2026-04-02 22:23:21.619 +01:00 [INF] Lecturer john.doe@wigweuniversity.edu.ng already exists. Skipping.
2026-04-02 22:23:21.633 +01:00 [INF] Executed DbCommand (2ms) [Parameters=[@l_Email='?' (Size = 256)], CommandType='"Text"', CommandTimeout='30']
SELECT CASE
    WHEN EXISTS (
        SELECT 1
        FROM [Users] AS [u]
        WHERE [u].[Email] = @l_Email) THEN CAST(1 AS bit)
    ELSE CAST(0 AS bit)
END
2026-04-02 22:23:21.634 +01:00 [INF] Lecturer jane.smith@wigweuniversity.edu.ng already exists. Skipping.
2026-04-02 22:23:21.776 +01:00 [INF] Executed DbCommand (10ms) [Parameters=[], CommandType='"Text"', CommandTimeout='30']
SELECT CASE
    WHEN EXISTS (
        SELECT 1
        FROM [DocumentTypes] AS [d]) THEN CAST(1 AS bit)
    ELSE CAST(0 AS bit)
END
2026-04-02 22:23:21.778 +01:00 [INF] Document types already seeded. Skipping.
2026-04-02 22:23:21.833 +01:00 [INF] Executed DbCommand (11ms) [Parameters=[], CommandType='"Text"', CommandTimeout='30']
SELECT CASE
    WHEN EXISTS (
        SELECT 1
        FROM [SponsorOrganizations] AS [s]) THEN CAST(1 AS bit)
    ELSE CAST(0 AS bit)
END
2026-04-02 22:23:21.835 +01:00 [INF] Sponsors already seeded. Skipping.
2026-04-02 22:23:21.888 +01:00 [INF] Executed DbCommand (7ms) [Parameters=[], CommandType='"Text"', CommandTimeout='30']
SELECT CASE
    WHEN EXISTS (
        SELECT 1
        FROM [Subjects] AS [s]) THEN CAST(1 AS bit)
    ELSE CAST(0 AS bit)
END
2026-04-02 22:23:21.888 +01:00 [INF] Subjects already seeded. Skipping.
2026-04-02 22:23:21.889 +01:00 [INF] Database initialization completed successfully.
2026-04-02 22:23:22.198 +01:00 [INF] Initializing Entra ID Service with TenantId: c9a98a3d-152f-4eb3-b93f-9b26fdd08495, ClientId: 67618b43-bfd0-483c-9750-bd5703101cbf, Domain: wigweuniversity.onmicrosoft.com
2026-04-02 22:23:22.400 +01:00 [INF] Entra ID Service initialized successfully
2026-04-02 22:23:22.964 +01:00 [INF] Registered 104 endpoints in 11,786 milliseconds.
2026-04-02 22:23:23.020 +01:00 [INF] User profile is available. Using 'C:\Users\StanleyNwaegwu\AppData\Local\ASP.NET\DataProtection-Keys' as key repository and Windows DPAPI to encrypt keys at rest.
2026-04-02 22:23:23.263 +01:00 [INF] Now listening on: http://localhost:5021
2026-04-02 22:23:23.264 +01:00 [INF] Application started. Press Ctrl+C to shut down.
2026-04-02 22:23:23.266 +01:00 [INF] Hosting environment: Development
2026-04-02 22:23:23.267 +01:00 [INF] Content root path: C:\Work\LMS\LMS-API\LMS.Api
2026-04-02 22:24:23.223 +01:00 [INF] Request starting HTTP/1.1 OPTIONS http://localhost:5021/api/timetable/slots - null null
2026-04-02 22:24:23.957 +01:00 [INF] CORS policy execution successful.
2026-04-02 22:24:24.007 +01:00 [INF] Request finished HTTP/1.1 OPTIONS http://localhost:5021/api/timetable/slots - 204 null null 773.0719ms
2026-04-02 22:24:24.014 +01:00 [INF] Request starting HTTP/1.1 POST http://localhost:5021/api/timetable/slots - application/json 132
2026-04-02 22:24:24.035 +01:00 [INF] CORS policy execution successful.
2026-04-02 22:24:26.651 +01:00 [INF] Executed DbCommand (52ms) [Parameters=[@entraObjectId='?' (Size = 100)], CommandType='"Text"', CommandTimeout='30']
SELECT TOP(1) [u].[Id], [u].[CreatedUtc], [u].[DisplayName], [u].[Email], [u].[EntraObjectId], [u].[IsActive], [u].[PasswordHash], [u].[UpdatedUtc], [u].[Username]
FROM [Users] AS [u]
WHERE [u].[EntraObjectId] = @entraObjectId
2026-04-02 22:24:26.929 +01:00 [INF] Executed DbCommand (18ms) [Parameters=[], CommandType='"Text"', CommandTimeout='30']
SELECT TOP(1) [r].[Id], [r].[Description], [r].[Name]
FROM [Roles] AS [r]
WHERE [r].[Name] = N'SuperAdmin'
2026-04-02 22:24:26.991 +01:00 [INF] Executed DbCommand (21ms) [Parameters=[@8__locals1_user_Id='?' (DbType = Guid), @superAdminRole_Id='?' (DbType = Guid)], CommandType='"Text"', CommandTimeout='30']
SELECT CASE
    WHEN EXISTS (
        SELECT 1
        FROM [UserRoles] AS [u]
        WHERE [u].[UserId] = @8__locals1_user_Id AND [u].[RoleId] = @superAdminRole_Id) THEN CAST(1 AS bit)
    ELSE CAST(0 AS bit)
END
2026-04-02 22:24:27.286 +01:00 [INF] Executed DbCommand (30ms) [Parameters=[@p1='?' (DbType = Guid), @p0='?' (DbType = DateTime2)], CommandType='"Text"', CommandTimeout='30']
SET IMPLICIT_TRANSACTIONS OFF;
SET NOCOUNT ON;
UPDATE [Users] SET [UpdatedUtc] = @p0
OUTPUT 1
WHERE [Id] = @p1;
2026-04-02 22:24:27.441 +01:00 [INF] Executed DbCommand (11ms) [Parameters=[@user_Id='?' (DbType = Guid)], CommandType='"Text"', CommandTimeout='30']
SELECT [r].[Name]
FROM [UserRoles] AS [u]
INNER JOIN [Roles] AS [r] ON [u].[RoleId] = [r].[Id]
WHERE [u].[UserId] = @user_Id
2026-04-02 22:24:27.464 +01:00 [INF] Executing endpoint 'HTTP: POST /api/timetable/slots'
2026-04-02 22:24:27.695 +01:00 [INF] Creating timetable slot for course "f1cfaffa-07cd-4f0b-be80-534a28f5b1c7"
2026-04-02 22:24:27.787 +01:00 [INF] Executed DbCommand (48ms) [Parameters=[@courseOfferingId='?' (DbType = Guid)], CommandType='"Text"', CommandTimeout='30']
SELECT CASE
    WHEN EXISTS (
        SELECT 1
        FROM [CourseOfferings] AS [c]
        WHERE [c].[Id] = @courseOfferingId) THEN CAST(1 AS bit)
    ELSE CAST(0 AS bit)
END
2026-04-02 22:24:27.860 +01:00 [INF] Executed DbCommand (42ms) [Parameters=[@callerUserId_Value='?' (DbType = Guid)], CommandType='"Text"', CommandTimeout='30']
SELECT CASE
    WHEN EXISTS (
        SELECT 1
        FROM [Users] AS [u]
        WHERE [u].[Id] = @callerUserId_Value) THEN CAST(1 AS bit)
    ELSE CAST(0 AS bit)
END
2026-04-02 22:24:28.088 +01:00 [INF] Executed DbCommand (25ms) [Parameters=[@p0='?' (DbType = Guid), @p1='?' (DbType = Guid), @p2='?' (DbType = Guid), @p3='?' (DbType = Guid), @p4='?' (DbType = Date), @p5='?' (DbType = Int32), @p6='?' (DbType = Int32), @p7='?' (DbType = Time), @p8='?' (DbType = Guid), @p9='?' (Size = 4000), @p10='?' (DbType = Time), @p11='?' (DbType = Guid), @p12='?' (DbType = Guid), @p13='?' (DbType = Date), @p14='?' (DbType = Guid)], CommandType='"Text"', CommandTimeout='30']
SET IMPLICIT_TRANSACTIONS OFF;
SET NOCOUNT ON;
INSERT INTO [LectureTimetableSlots] ([Id], [CourseOfferingId], [CreatedBy], [CreatedByUserId], [CreatedDate], [DayOfWeek], [DurationMinutes], [EndTime], [LecturerId], [Notes], [StartTime], [UpdatedBy], [UpdatedByUserId], [UpdatedDate], [VenueId])
VALUES (@p0, @p1, @p2, @p3, @p4, @p5, @p6, @p7, @p8, @p9, @p10, @p11, @p12, @p13, @p14);
2026-04-02 22:24:28.089 +01:00 [INF] Created timetable slot "780a1f57-3332-4921-ab37-e84bd5c4050c"
2026-04-02 22:24:28.254 +01:00 [INF] Executed endpoint 'HTTP: POST /api/timetable/slots'
2026-04-02 22:24:28.267 +01:00 [INF] Request finished HTTP/1.1 POST http://localhost:5021/api/timetable/slots - 200 null application/json; charset=utf-8 4252.8332ms
2026-04-02 22:24:28.269 +01:00 [INF] Request starting HTTP/1.1 OPTIONS http://localhost:5021/api/timetable/week-view/78431cfe-bc1c-4705-aa40-556594dd898c/1 - null null
2026-04-02 22:24:28.271 +01:00 [INF] CORS policy execution successful.
2026-04-02 22:24:28.272 +01:00 [INF] Request finished HTTP/1.1 OPTIONS http://localhost:5021/api/timetable/week-view/78431cfe-bc1c-4705-aa40-556594dd898c/1 - 204 null null 2.5362ms
2026-04-02 22:24:28.276 +01:00 [INF] Request starting HTTP/1.1 GET http://localhost:5021/api/timetable/week-view/78431cfe-bc1c-4705-aa40-556594dd898c/1 - null null
2026-04-02 22:24:28.281 +01:00 [INF] CORS policy execution successful.
2026-04-02 22:24:28.330 +01:00 [INF] Executed DbCommand (2ms) [Parameters=[@entraObjectId='?' (Size = 100)], CommandType='"Text"', CommandTimeout='30']
SELECT TOP(1) [u].[Id], [u].[CreatedUtc], [u].[DisplayName], [u].[Email], [u].[EntraObjectId], [u].[IsActive], [u].[PasswordHash], [u].[UpdatedUtc], [u].[Username]
FROM [Users] AS [u]
WHERE [u].[EntraObjectId] = @entraObjectId
2026-04-02 22:24:28.335 +01:00 [INF] Executed DbCommand (2ms) [Parameters=[], CommandType='"Text"', CommandTimeout='30']
SELECT TOP(1) [r].[Id], [r].[Description], [r].[Name]
FROM [Roles] AS [r]
WHERE [r].[Name] = N'SuperAdmin'
2026-04-02 22:24:28.339 +01:00 [INF] Executed DbCommand (1ms) [Parameters=[@8__locals1_user_Id='?' (DbType = Guid), @superAdminRole_Id='?' (DbType = Guid)], CommandType='"Text"', CommandTimeout='30']
SELECT CASE
    WHEN EXISTS (
        SELECT 1
        FROM [UserRoles] AS [u]
        WHERE [u].[UserId] = @8__locals1_user_Id AND [u].[RoleId] = @superAdminRole_Id) THEN CAST(1 AS bit)
    ELSE CAST(0 AS bit)
END
2026-04-02 22:24:28.351 +01:00 [INF] Executed DbCommand (4ms) [Parameters=[@p1='?' (DbType = Guid), @p0='?' (DbType = DateTime2)], CommandType='"Text"', CommandTimeout='30']
SET IMPLICIT_TRANSACTIONS OFF;
SET NOCOUNT ON;
UPDATE [Users] SET [UpdatedUtc] = @p0
OUTPUT 1
WHERE [Id] = @p1;
2026-04-02 22:24:28.358 +01:00 [INF] Executed DbCommand (2ms) [Parameters=[@user_Id='?' (DbType = Guid)], CommandType='"Text"', CommandTimeout='30']
SELECT [r].[Name]
FROM [UserRoles] AS [u]
INNER JOIN [Roles] AS [r] ON [u].[RoleId] = [r].[Id]
WHERE [u].[UserId] = @user_Id
2026-04-02 22:24:28.377 +01:00 [INF] Request finished HTTP/1.1 GET http://localhost:5021/api/timetable/week-view/78431cfe-bc1c-4705-aa40-556594dd898c/1 - 404 null application/json; charset=utf-8 101.0401ms
2026-04-02 22:24:28.378 +01:00 [INF] Request reached the end of the middleware pipeline without being handled by application code. Request path: GET http://localhost:5021/api/timetable/week-view/78431cfe-bc1c-4705-aa40-556594dd898c/1, Response status code: 404
